[0.014s] Invoking command in '/home/htc/robot-ws/learn-ws/build/example_service_rclcpp': CMAKE_PREFIX_PATH=${CMAKE_PREFIX_PATH}:/home/htc/robot-ws/learn-ws/src/demo3/demo3_ws/install/example_topic_rclpy:/opt/ros/foxy /usr/bin/cmake /home/htc/robot-ws/learn-ws/src/demo3/demo3_ws/src/example_service_rclcpp -DCMAKE_INSTALL_PREFIX=/home/htc/robot-ws/learn-ws/install/example_service_rclcpp
[0.065s] -- The C compiler identification is GNU 9.4.0
[0.117s] -- The CXX compiler identification is GNU 9.4.0
[0.122s] -- Check for working C compiler: /usr/bin/cc
[0.188s] -- Check for working C compiler: /usr/bin/cc -- works
[0.189s] -- Detecting C compiler ABI info
[0.251s] -- Detecting C compiler ABI info - done
[0.261s] -- Detecting C compile features
[0.262s] -- Detecting C compile features - done
[0.264s] -- Check for working CXX compiler: /usr/bin/c++
[0.347s] -- Check for working CXX compiler: /usr/bin/c++ -- works
[0.349s] -- Detecting CXX compiler ABI info
[0.426s] -- Detecting CXX compiler ABI info - done
[0.441s] -- Detecting CXX compile features
[0.442s] -- Detecting CXX compile features - done
[0.446s] -- Found ament_cmake: 0.9.11 (/opt/ros/foxy/share/ament_cmake/cmake)
[0.471s] -- Found PythonInterp: /usr/bin/python3 (found suitable version "3.8.10", minimum required is "3") 
[0.471s] -- Using PYTHON_EXECUTABLE: /usr/bin/python3
[0.663s] -- Found rclcpp: 2.4.2 (/opt/ros/foxy/share/rclcpp/cmake)
[0.712s] -- Using all available rosidl_typesupport_c: rosidl_typesupport_fastrtps_c;rosidl_typesupport_introspection_c
[0.720s] -- Found rosidl_adapter: 1.3.0 (/opt/ros/foxy/share/rosidl_adapter/cmake)
[0.800s] -- Found OpenSSL: /usr/lib/x86_64-linux-gnu/libcrypto.so (found version "1.1.1f")  
[0.829s] -- Found FastRTPS: /opt/ros/foxy/include  
[0.907s] -- Using all available rosidl_typesupport_cpp: rosidl_typesupport_fastrtps_cpp;rosidl_typesupport_introspection_cpp
[0.967s] -- Found rmw_implementation_cmake: 1.0.4 (/opt/ros/foxy/share/rmw_implementation_cmake/cmake)
[0.969s] -- Using RMW implementation 'rmw_fastrtps_cpp' as default
[0.970s] -- Looking for pthread.h
[1.038s] -- Looking for pthread.h - found
[1.038s] -- Performing Test CMAKE_HAVE_LIBC_PTHREAD
[1.105s] -- Performing Test CMAKE_HAVE_LIBC_PTHREAD - Failed
[1.106s] -- Looking for pthread_create in pthreads
[1.158s] -- Looking for pthread_create in pthreads - not found
[1.159s] -- Looking for pthread_create in pthread
[1.230s] -- Looking for pthread_create in pthread - found
[1.231s] -- Found Threads: TRUE  
[1.396s] -- Found ament_lint_auto: 0.9.8 (/opt/ros/foxy/share/ament_lint_auto/cmake)
[1.475s] -- Added test 'copyright' to check source files copyright and LICENSE
[1.476s] -- Added test 'cppcheck' to perform static code analysis on C / C++ code
[1.477s] -- Configured cppcheck include dirs: 
[1.477s] -- Configured cppcheck exclude dirs and/or files: 
[1.478s] -- Added test 'cpplint' to check C / C++ code against the Google style
[1.478s] -- Configured cpplint exclude dirs and/or files: 
[1.478s] -- Added test 'lint_cmake' to check CMake code style
[1.480s] -- Added test 'uncrustify' to check C / C++ code style
[1.480s] -- Configured uncrustify additional arguments: 
[1.480s] -- Added test 'xmllint' to check XML markup files
[1.486s] -- Configuring done
[1.498s] -- Generating done
[1.499s] -- Build files have been written to: /home/htc/robot-ws/learn-ws/build/example_service_rclcpp
[1.507s] Invoked command in '/home/htc/robot-ws/learn-ws/build/example_service_rclcpp' returned '0': CMAKE_PREFIX_PATH=${CMAKE_PREFIX_PATH}:/home/htc/robot-ws/learn-ws/src/demo3/demo3_ws/install/example_topic_rclpy:/opt/ros/foxy /usr/bin/cmake /home/htc/robot-ws/learn-ws/src/demo3/demo3_ws/src/example_service_rclcpp -DCMAKE_INSTALL_PREFIX=/home/htc/robot-ws/learn-ws/install/example_service_rclcpp
[1.510s] Invoking command in '/home/htc/robot-ws/learn-ws/build/example_service_rclcpp': CMAKE_PREFIX_PATH=${CMAKE_PREFIX_PATH}:/home/htc/robot-ws/learn-ws/src/demo3/demo3_ws/install/example_topic_rclpy:/opt/ros/foxy /usr/bin/cmake --build /home/htc/robot-ws/learn-ws/build/example_service_rclcpp -- -j8 -l8
[1.550s] [35m[1mScanning dependencies of target service_client_01[0m
[1.552s] [35m[1mScanning dependencies of target service_server_01[0m
[1.585s] [ 25%] [32mBuilding CXX object CMakeFiles/service_client_01.dir/src/service_client_01.cpp.o[0m
[1.597s] [ 50%] [32mBuilding CXX object CMakeFiles/service_server_01.dir/src/service_server_01.cpp.o[0m
[3.225s] [ 75%] [32m[1mLinking CXX executable service_client_01[0m
[3.282s] [100%] [32m[1mLinking CXX executable service_server_01[0m
[3.342s] [100%] Built target service_client_01
[3.398s] [100%] Built target service_server_01
[3.409s] Invoked command in '/home/htc/robot-ws/learn-ws/build/example_service_rclcpp' returned '0': CMAKE_PREFIX_PATH=${CMAKE_PREFIX_PATH}:/home/htc/robot-ws/learn-ws/src/demo3/demo3_ws/install/example_topic_rclpy:/opt/ros/foxy /usr/bin/cmake --build /home/htc/robot-ws/learn-ws/build/example_service_rclcpp -- -j8 -l8
[3.446s] Invoking command in '/home/htc/robot-ws/learn-ws/build/example_service_rclcpp': CMAKE_PREFIX_PATH=${CMAKE_PREFIX_PATH}:/home/htc/robot-ws/learn-ws/src/demo3/demo3_ws/install/example_topic_rclpy:/opt/ros/foxy /usr/bin/cmake --install /home/htc/robot-ws/learn-ws/build/example_service_rclcpp
[3.456s] -- Install configuration: ""
[3.456s] -- Installing: /home/htc/robot-ws/learn-ws/install/example_service_rclcpp/share/ament_index/resource_index/package_run_dependencies/example_service_rclcpp
[3.456s] -- Installing: /home/htc/robot-ws/learn-ws/install/example_service_rclcpp/share/ament_index/resource_index/parent_prefix_path/example_service_rclcpp
[3.456s] -- Installing: /home/htc/robot-ws/learn-ws/install/example_service_rclcpp/share/example_service_rclcpp/environment/ament_prefix_path.sh
[3.457s] -- Installing: /home/htc/robot-ws/learn-ws/install/example_service_rclcpp/share/example_service_rclcpp/environment/ament_prefix_path.dsv
[3.457s] -- Installing: /home/htc/robot-ws/learn-ws/install/example_service_rclcpp/share/example_service_rclcpp/environment/path.sh
[3.457s] -- Installing: /home/htc/robot-ws/learn-ws/install/example_service_rclcpp/share/example_service_rclcpp/environment/path.dsv
[3.457s] -- Installing: /home/htc/robot-ws/learn-ws/install/example_service_rclcpp/share/example_service_rclcpp/local_setup.bash
[3.457s] -- Installing: /home/htc/robot-ws/learn-ws/install/example_service_rclcpp/share/example_service_rclcpp/local_setup.sh
[3.457s] -- Installing: /home/htc/robot-ws/learn-ws/install/example_service_rclcpp/share/example_service_rclcpp/local_setup.zsh
[3.457s] -- Installing: /home/htc/robot-ws/learn-ws/install/example_service_rclcpp/share/example_service_rclcpp/local_setup.dsv
[3.457s] -- Installing: /home/htc/robot-ws/learn-ws/install/example_service_rclcpp/share/example_service_rclcpp/package.dsv
[3.458s] -- Installing: /home/htc/robot-ws/learn-ws/install/example_service_rclcpp/share/ament_index/resource_index/packages/example_service_rclcpp
[3.458s] -- Installing: /home/htc/robot-ws/learn-ws/install/example_service_rclcpp/share/example_service_rclcpp/cmake/example_service_rclcppConfig.cmake
[3.458s] -- Installing: /home/htc/robot-ws/learn-ws/install/example_service_rclcpp/share/example_service_rclcpp/cmake/example_service_rclcppConfig-version.cmake
[3.458s] -- Installing: /home/htc/robot-ws/learn-ws/install/example_service_rclcpp/share/example_service_rclcpp/package.xml
[3.458s] -- Installing: /home/htc/robot-ws/learn-ws/install/example_service_rclcpp/lib/example_service_rclcpp/service_server_01
[3.459s] -- Set runtime path of "/home/htc/robot-ws/learn-ws/install/example_service_rclcpp/lib/example_service_rclcpp/service_server_01" to ""
[3.459s] -- Installing: /home/htc/robot-ws/learn-ws/install/example_service_rclcpp/lib/example_service_rclcpp/service_client_01
[3.459s] -- Set runtime path of "/home/htc/robot-ws/learn-ws/install/example_service_rclcpp/lib/example_service_rclcpp/service_client_01" to ""
[3.462s] Invoked command in '/home/htc/robot-ws/learn-ws/build/example_service_rclcpp' returned '0': CMAKE_PREFIX_PATH=${CMAKE_PREFIX_PATH}:/home/htc/robot-ws/learn-ws/src/demo3/demo3_ws/install/example_topic_rclpy:/opt/ros/foxy /usr/bin/cmake --install /home/htc/robot-ws/learn-ws/build/example_service_rclcpp
