[0.016s] Invoking command in '/home/htc/robot-ws/learn-ws/src/demo3/demo3_ws/build/example_topic_rclcpp': CMAKE_PREFIX_PATH=${CMAKE_PREFIX_PATH}:/opt/ros/foxy /usr/bin/cmake --build /home/htc/robot-ws/learn-ws/src/demo3/demo3_ws/build/example_topic_rclcpp -- -j8 -l8
[0.039s] -- Found ament_cmake: 0.9.11 (/opt/ros/foxy/share/ament_cmake/cmake)
[0.061s] -- Using PYTHON_EXECUTABLE: /usr/bin/python3
[0.219s] -- Found rclcpp: 2.4.2 (/opt/ros/foxy/share/rclcpp/cmake)
[0.251s] -- Using all available rosidl_typesupport_c: rosidl_typesupport_fastrtps_c;rosidl_typesupport_introspection_c
[0.254s] -- Found rosidl_adapter: 1.3.0 (/opt/ros/foxy/share/rosidl_adapter/cmake)
[0.364s] -- Using all available rosidl_typesupport_cpp: rosidl_typesupport_fastrtps_cpp;rosidl_typesupport_introspection_cpp
[0.409s] -- Found rmw_implementation_cmake: 1.0.4 (/opt/ros/foxy/share/rmw_implementation_cmake/cmake)
[0.410s] -- Using RMW implementation 'rmw_fastrtps_cpp' as default
[0.543s] -- Found ament_lint_auto: 0.9.8 (/opt/ros/foxy/share/ament_lint_auto/cmake)
[0.597s] -- Added test 'copyright' to check source files copyright and LICENSE
[0.598s] -- Added test 'cppcheck' to perform static code analysis on C / C++ code
[0.598s] -- Configured cppcheck include dirs: 
[0.598s] -- Configured cppcheck exclude dirs and/or files: 
[0.599s] -- Added test 'cpplint' to check C / C++ code against the Google style
[0.599s] -- Configured cpplint exclude dirs and/or files: 
[0.600s] -- Added test 'lint_cmake' to check CMake code style
[0.601s] -- Added test 'uncrustify' to check C / C++ code style
[0.601s] -- Configured uncrustify additional arguments: 
[0.601s] -- Added test 'xmllint' to check XML markup files
[0.606s] -- Configuring done
[0.614s] -- Generating done
[0.616s] -- Build files have been written to: /home/htc/robot-ws/learn-ws/src/demo3/demo3_ws/build/example_topic_rclcpp
[0.640s] [35m[1mScanning dependencies of target topic_publisher_01[0m
[0.666s] [ 50%] [32mBuilding CXX object CMakeFiles/topic_publisher_01.dir/src/topic_publisher_01.cpp.o[0m
[3.200s] [100%] [32m[1mLinking CXX executable topic_publisher_01[0m
[3.392s] [100%] Built target topic_publisher_01
[3.403s] Invoked command in '/home/htc/robot-ws/learn-ws/src/demo3/demo3_ws/build/example_topic_rclcpp' returned '0': CMAKE_PREFIX_PATH=${CMAKE_PREFIX_PATH}:/opt/ros/foxy /usr/bin/cmake --build /home/htc/robot-ws/learn-ws/src/demo3/demo3_ws/build/example_topic_rclcpp -- -j8 -l8
[3.434s] Invoking command in '/home/htc/robot-ws/learn-ws/src/demo3/demo3_ws/build/example_topic_rclcpp': CMAKE_PREFIX_PATH=${CMAKE_PREFIX_PATH}:/opt/ros/foxy /usr/bin/cmake --install /home/htc/robot-ws/learn-ws/src/demo3/demo3_ws/build/example_topic_rclcpp
[3.444s] -- Install configuration: ""
[3.444s] -- Installing: /home/htc/robot-ws/learn-ws/src/demo3/demo3_ws/install/example_topic_rclcpp/share/ament_index/resource_index/package_run_dependencies/example_topic_rclcpp
[3.444s] -- Installing: /home/htc/robot-ws/learn-ws/src/demo3/demo3_ws/install/example_topic_rclcpp/share/ament_index/resource_index/parent_prefix_path/example_topic_rclcpp
[3.444s] -- Up-to-date: /home/htc/robot-ws/learn-ws/src/demo3/demo3_ws/install/example_topic_rclcpp/share/example_topic_rclcpp/environment/ament_prefix_path.sh
[3.444s] -- Installing: /home/htc/robot-ws/learn-ws/src/demo3/demo3_ws/install/example_topic_rclcpp/share/example_topic_rclcpp/environment/ament_prefix_path.dsv
[3.445s] -- Up-to-date: /home/htc/robot-ws/learn-ws/src/demo3/demo3_ws/install/example_topic_rclcpp/share/example_topic_rclcpp/environment/path.sh
[3.445s] -- Installing: /home/htc/robot-ws/learn-ws/src/demo3/demo3_ws/install/example_topic_rclcpp/share/example_topic_rclcpp/environment/path.dsv
[3.445s] -- Up-to-date: /home/htc/robot-ws/learn-ws/src/demo3/demo3_ws/install/example_topic_rclcpp/share/example_topic_rclcpp/local_setup.bash
[3.445s] -- Up-to-date: /home/htc/robot-ws/learn-ws/src/demo3/demo3_ws/install/example_topic_rclcpp/share/example_topic_rclcpp/local_setup.sh
[3.445s] -- Up-to-date: /home/htc/robot-ws/learn-ws/src/demo3/demo3_ws/install/example_topic_rclcpp/share/example_topic_rclcpp/local_setup.zsh
[3.445s] -- Installing: /home/htc/robot-ws/learn-ws/src/demo3/demo3_ws/install/example_topic_rclcpp/share/example_topic_rclcpp/local_setup.dsv
[3.445s] -- Installing: /home/htc/robot-ws/learn-ws/src/demo3/demo3_ws/install/example_topic_rclcpp/share/example_topic_rclcpp/package.dsv
[3.445s] -- Up-to-date: /home/htc/robot-ws/learn-ws/src/demo3/demo3_ws/install/example_topic_rclcpp/share/ament_index/resource_index/packages/example_topic_rclcpp
[3.445s] -- Up-to-date: /home/htc/robot-ws/learn-ws/src/demo3/demo3_ws/install/example_topic_rclcpp/share/example_topic_rclcpp/cmake/example_topic_rclcppConfig.cmake
[3.445s] -- Up-to-date: /home/htc/robot-ws/learn-ws/src/demo3/demo3_ws/install/example_topic_rclcpp/share/example_topic_rclcpp/cmake/example_topic_rclcppConfig-version.cmake
[3.445s] -- Installing: /home/htc/robot-ws/learn-ws/src/demo3/demo3_ws/install/example_topic_rclcpp/share/example_topic_rclcpp/package.xml
[3.446s] -- Installing: /home/htc/robot-ws/learn-ws/src/demo3/demo3_ws/install/example_topic_rclcpp/lib/example_topic_rclcpp/topic_publisher_01
[3.447s] -- Set runtime path of "/home/htc/robot-ws/learn-ws/src/demo3/demo3_ws/install/example_topic_rclcpp/lib/example_topic_rclcpp/topic_publisher_01" to ""
[3.449s] Invoked command in '/home/htc/robot-ws/learn-ws/src/demo3/demo3_ws/build/example_topic_rclcpp' returned '0': CMAKE_PREFIX_PATH=${CMAKE_PREFIX_PATH}:/opt/ros/foxy /usr/bin/cmake --install /home/htc/robot-ws/learn-ws/src/demo3/demo3_ws/build/example_topic_rclcpp
