[0.029s] Invoking command in '/home/htc/robot-ws/learn-ws/src/demo2/demo2_ws/build/example_cpp': CMAKE_PREFIX_PATH=${CMAKE_PREFIX_PATH}:/home/htc/robot-ws/learn-ws/src/demo2/colcon_test_ws/install/examples_rclpy_minimal_subscriber:/home/htc/robot-ws/learn-ws/src/demo2/colcon_test_ws/install/examples_rclpy_minimal_service:/home/htc/robot-ws/learn-ws/src/demo2/colcon_test_ws/install/examples_rclpy_minimal_publisher:/home/htc/robot-ws/learn-ws/src/demo2/colcon_test_ws/install/examples_rclpy_minimal_client:/home/htc/robot-ws/learn-ws/src/demo2/colcon_test_ws/install/examples_rclpy_minimal_action_server:/home/htc/robot-ws/learn-ws/src/demo2/colcon_test_ws/install/examples_rclpy_minimal_action_client:/home/htc/robot-ws/learn-ws/src/demo2/colcon_test_ws/install/examples_rclpy_executors:/opt/ros/foxy /usr/bin/cmake --build /home/htc/robot-ws/learn-ws/src/demo2/demo2_ws/build/example_cpp -- -j8 -l8
[0.090s] [100%] Built target node_01
[0.246s] Invoked command in '/home/htc/robot-ws/learn-ws/src/demo2/demo2_ws/build/example_cpp' returned '0': CMAKE_PREFIX_PATH=${CMAKE_PREFIX_PATH}:/home/htc/robot-ws/learn-ws/src/demo2/colcon_test_ws/install/examples_rclpy_minimal_subscriber:/home/htc/robot-ws/learn-ws/src/demo2/colcon_test_ws/install/examples_rclpy_minimal_service:/home/htc/robot-ws/learn-ws/src/demo2/colcon_test_ws/install/examples_rclpy_minimal_publisher:/home/htc/robot-ws/learn-ws/src/demo2/colcon_test_ws/install/examples_rclpy_minimal_client:/home/htc/robot-ws/learn-ws/src/demo2/colcon_test_ws/install/examples_rclpy_minimal_action_server:/home/htc/robot-ws/learn-ws/src/demo2/colcon_test_ws/install/examples_rclpy_minimal_action_client:/home/htc/robot-ws/learn-ws/src/demo2/colcon_test_ws/install/examples_rclpy_executors:/opt/ros/foxy /usr/bin/cmake --build /home/htc/robot-ws/learn-ws/src/demo2/demo2_ws/build/example_cpp -- -j8 -l8
[0.281s] Invoking command in '/home/htc/robot-ws/learn-ws/src/demo2/demo2_ws/build/example_cpp': CMAKE_PREFIX_PATH=${CMAKE_PREFIX_PATH}:/home/htc/robot-ws/learn-ws/src/demo2/colcon_test_ws/install/examples_rclpy_minimal_subscriber:/home/htc/robot-ws/learn-ws/src/demo2/colcon_test_ws/install/examples_rclpy_minimal_service:/home/htc/robot-ws/learn-ws/src/demo2/colcon_test_ws/install/examples_rclpy_minimal_publisher:/home/htc/robot-ws/learn-ws/src/demo2/colcon_test_ws/install/examples_rclpy_minimal_client:/home/htc/robot-ws/learn-ws/src/demo2/colcon_test_ws/install/examples_rclpy_minimal_action_server:/home/htc/robot-ws/learn-ws/src/demo2/colcon_test_ws/install/examples_rclpy_minimal_action_client:/home/htc/robot-ws/learn-ws/src/demo2/colcon_test_ws/install/examples_rclpy_executors:/opt/ros/foxy /usr/bin/cmake --install /home/htc/robot-ws/learn-ws/src/demo2/demo2_ws/build/example_cpp
[0.289s] -- Install configuration: ""
[0.289s] -- Up-to-date: /home/htc/robot-ws/learn-ws/src/demo2/demo2_ws/install/example_cpp/share/ament_index/resource_index/package_run_dependencies/example_cpp
[0.289s] -- Up-to-date: /home/htc/robot-ws/learn-ws/src/demo2/demo2_ws/install/example_cpp/share/ament_index/resource_index/parent_prefix_path/example_cpp
[0.289s] -- Up-to-date: /home/htc/robot-ws/learn-ws/src/demo2/demo2_ws/install/example_cpp/share/example_cpp/environment/ament_prefix_path.sh
[0.290s] -- Up-to-date: /home/htc/robot-ws/learn-ws/src/demo2/demo2_ws/install/example_cpp/share/example_cpp/environment/ament_prefix_path.dsv
[0.290s] -- Up-to-date: /home/htc/robot-ws/learn-ws/src/demo2/demo2_ws/install/example_cpp/share/example_cpp/environment/path.sh
[0.290s] -- Up-to-date: /home/htc/robot-ws/learn-ws/src/demo2/demo2_ws/install/example_cpp/share/example_cpp/environment/path.dsv
[0.290s] -- Up-to-date: /home/htc/robot-ws/learn-ws/src/demo2/demo2_ws/install/example_cpp/share/example_cpp/local_setup.bash
[0.290s] -- Up-to-date: /home/htc/robot-ws/learn-ws/src/demo2/demo2_ws/install/example_cpp/share/example_cpp/local_setup.sh
[0.290s] -- Up-to-date: /home/htc/robot-ws/learn-ws/src/demo2/demo2_ws/install/example_cpp/share/example_cpp/local_setup.zsh
[0.290s] -- Up-to-date: /home/htc/robot-ws/learn-ws/src/demo2/demo2_ws/install/example_cpp/share/example_cpp/local_setup.dsv
[0.290s] -- Installing: /home/htc/robot-ws/learn-ws/src/demo2/demo2_ws/install/example_cpp/share/example_cpp/package.dsv
[0.291s] -- Up-to-date: /home/htc/robot-ws/learn-ws/src/demo2/demo2_ws/install/example_cpp/share/ament_index/resource_index/packages/example_cpp
[0.291s] -- Up-to-date: /home/htc/robot-ws/learn-ws/src/demo2/demo2_ws/install/example_cpp/share/example_cpp/cmake/example_cppConfig.cmake
[0.291s] -- Up-to-date: /home/htc/robot-ws/learn-ws/src/demo2/demo2_ws/install/example_cpp/share/example_cpp/cmake/example_cppConfig-version.cmake
[0.291s] -- Up-to-date: /home/htc/robot-ws/learn-ws/src/demo2/demo2_ws/install/example_cpp/share/example_cpp/package.xml
[0.291s] -- Up-to-date: /home/htc/robot-ws/learn-ws/src/demo2/demo2_ws/install/example_cpp/lib/example_cpp/node_01
[0.293s] Invoked command in '/home/htc/robot-ws/learn-ws/src/demo2/demo2_ws/build/example_cpp' returned '0': CMAKE_PREFIX_PATH=${CMAKE_PREFIX_PATH}:/home/htc/robot-ws/learn-ws/src/demo2/colcon_test_ws/install/examples_rclpy_minimal_subscriber:/home/htc/robot-ws/learn-ws/src/demo2/colcon_test_ws/install/examples_rclpy_minimal_service:/home/htc/robot-ws/learn-ws/src/demo2/colcon_test_ws/install/examples_rclpy_minimal_publisher:/home/htc/robot-ws/learn-ws/src/demo2/colcon_test_ws/install/examples_rclpy_minimal_client:/home/htc/robot-ws/learn-ws/src/demo2/colcon_test_ws/install/examples_rclpy_minimal_action_server:/home/htc/robot-ws/learn-ws/src/demo2/colcon_test_ws/install/examples_rclpy_minimal_action_client:/home/htc/robot-ws/learn-ws/src/demo2/colcon_test_ws/install/examples_rclpy_executors:/opt/ros/foxy /usr/bin/cmake --install /home/htc/robot-ws/learn-ws/src/demo2/demo2_ws/build/example_cpp
