[0.579s] Invoking command in '/home/htc/robot-ws/learn-ws/src/demo2/demo2_ws/src/example_py': PYTHONPATH=/home/htc/robot-ws/learn-ws/src/demo2/demo2_ws/build/example_py/prefix_override:/home/htc/robot-ws/learn-ws/src/demo2/demo2_ws/install/example_py/lib/python3.8/site-packages:${PYTHONPATH} /usr/bin/python3 setup.py egg_info --egg-base ../../build/example_py build --build-base /home/htc/robot-ws/learn-ws/src/demo2/demo2_ws/build/example_py/build install --record /home/htc/robot-ws/learn-ws/src/demo2/demo2_ws/build/example_py/install.log --install-scripts $base/lib/example_py --single-version-externally-managed
[0.764s] running egg_info
[0.765s] writing ../../build/example_py/example_py.egg-info/PKG-INFO
[0.765s] writing dependency_links to ../../build/example_py/example_py.egg-info/dependency_links.txt
[0.765s] writing entry points to ../../build/example_py/example_py.egg-info/entry_points.txt
[0.765s] writing requirements to ../../build/example_py/example_py.egg-info/requires.txt
[0.765s] writing top-level names to ../../build/example_py/example_py.egg-info/top_level.txt
[0.794s] reading manifest file '../../build/example_py/example_py.egg-info/SOURCES.txt'
[0.795s] writing manifest file '../../build/example_py/example_py.egg-info/SOURCES.txt'
[0.795s] running build
[0.795s] running build_py
[0.795s] copying example_py/node_04.py -> /home/htc/robot-ws/learn-ws/src/demo2/demo2_ws/build/example_py/build/lib/example_py
[0.796s] running install
[0.796s] running install_lib
[0.797s] copying /home/htc/robot-ws/learn-ws/src/demo2/demo2_ws/build/example_py/build/lib/example_py/node_04.py -> /home/htc/robot-ws/learn-ws/src/demo2/demo2_ws/install/example_py/lib/python3.8/site-packages/example_py
[0.798s] byte-compiling /home/htc/robot-ws/learn-ws/src/demo2/demo2_ws/install/example_py/lib/python3.8/site-packages/example_py/node_04.py to node_04.cpython-38.pyc
[0.799s] running install_data
[0.799s] running install_egg_info
[0.800s] removing '/home/htc/robot-ws/learn-ws/src/demo2/demo2_ws/install/example_py/lib/python3.8/site-packages/example_py-0.0.0-py3.8.egg-info' (and everything under it)
[0.801s] Copying ../../build/example_py/example_py.egg-info to /home/htc/robot-ws/learn-ws/src/demo2/demo2_ws/install/example_py/lib/python3.8/site-packages/example_py-0.0.0-py3.8.egg-info
[0.802s] running install_scripts
[0.815s] Installing node_02 script to /home/htc/robot-ws/learn-ws/src/demo2/demo2_ws/install/example_py/lib/example_py
[0.816s] Installing node_04 script to /home/htc/robot-ws/learn-ws/src/demo2/demo2_ws/install/example_py/lib/example_py
[0.816s] writing list of installed files to '/home/htc/robot-ws/learn-ws/src/demo2/demo2_ws/build/example_py/install.log'
[0.833s] Invoked command in '/home/htc/robot-ws/learn-ws/src/demo2/demo2_ws/src/example_py' returned '0': PYTHONPATH=/home/htc/robot-ws/learn-ws/src/demo2/demo2_ws/build/example_py/prefix_override:/home/htc/robot-ws/learn-ws/src/demo2/demo2_ws/install/example_py/lib/python3.8/site-packages:${PYTHONPATH} /usr/bin/python3 setup.py egg_info --egg-base ../../build/example_py build --build-base /home/htc/robot-ws/learn-ws/src/demo2/demo2_ws/build/example_py/build install --record /home/htc/robot-ws/learn-ws/src/demo2/demo2_ws/build/example_py/install.log --install-scripts $base/lib/example_py --single-version-externally-managed
