[0.266s] DEBUG:colcon:Command line arguments: ['/usr/bin/colcon', 'build']
[0.266s] DEBUG:colcon:Parsed command line arguments: Namespace(allow_overriding=[], ament_cmake_args=None, base_paths=['.'], build_base='build', catkin_cmake_args=None, catkin_skip_building_tests=False, cmake_args=None, cmake_clean_cache=False, cmake_clean_first=False, cmake_force_configure=False, cmake_target=None, cmake_target_skip_unavailable=False, continue_on_error=False, event_handlers=None, executor='parallel', ignore_user_meta=False, install_base='install', log_base=None, log_level=None, main=<bound method BuildVerb.main of <colcon_core.verb.build.BuildVerb object at 0x7ff378ec4100>>, merge_install=False, metas=['./colcon.meta'], packages_above=None, packages_above_and_dependencies=None, packages_above_depth=None, packages_end=None, packages_ignore=None, packages_ignore_regex=None, packages_select=None, packages_select_build_failed=False, packages_select_by_dep=None, packages_select_regex=None, packages_select_test_failures=False, packages_skip=None, packages_skip_build_finished=False, packages_skip_by_dep=None, packages_skip_regex=None, packages_skip_test_passed=False, packages_skip_up_to=None, packages_start=None, packages_up_to=None, packages_up_to_regex=None, parallel_workers=8, paths=None, symlink_install=False, test_result_base=None, verb_extension=<colcon_core.verb.build.BuildVerb object at 0x7ff378ec4100>, verb_name='build', verb_parser=<colcon_defaults.argument_parser.defaults.DefaultArgumentsDecorator object at 0x7ff378ec4580>)
[0.289s] Level 1:colcon.colcon_core.package_discovery:discover_packages(colcon_meta) check parameters
[0.289s] Level 1:colcon.colcon_core.package_discovery:discover_packages(recursive) check parameters
[0.289s] Level 1:colcon.colcon_core.package_discovery:discover_packages(ignore) check parameters
[0.289s] Level 1:colcon.colcon_core.package_discovery:discover_packages(path) check parameters
[0.289s] Level 1:colcon.colcon_core.package_discovery:discover_packages(colcon_meta) discover
[0.289s] Level 1:colcon.colcon_core.package_discovery:discover_packages(recursive) discover
[0.289s] INFO:colcon.colcon_core.package_discovery:Crawling recursively for packages in '/home/htc/robot-ws/learn-ws/src/demo2/demo2_ws'
[0.289s] Level 1:colcon.colcon_core.package_identification:_identify(.) by extensions ['ignore', 'ignore_ament_install']
[0.289s] Level 1:colcon.colcon_core.package_identification:_identify(.) by extension 'ignore'
[0.289s] Level 1:colcon.colcon_core.package_identification:_identify(.) by extension 'ignore_ament_install'
[0.289s] Level 1:colcon.colcon_core.package_identification:_identify(.) by extensions ['colcon_pkg']
[0.289s] Level 1:colcon.colcon_core.package_identification:_identify(.) by extension 'colcon_pkg'
[0.290s] Level 1:colcon.colcon_core.package_identification:_identify(.) by extensions ['colcon_meta']
[0.290s] Level 1:colcon.colcon_core.package_identification:_identify(.) by extension 'colcon_meta'
[0.290s] Level 1:colcon.colcon_core.package_identification:_identify(.) by extensions ['ros']
[0.290s] Level 1:colcon.colcon_core.package_identification:_identify(.) by extension 'ros'
[0.306s] Level 1:colcon.colcon_core.package_identification:_identify(.) by extensions ['cmake', 'python']
[0.306s] Level 1:colcon.colcon_core.package_identification:_identify(.) by extension 'cmake'
[0.306s] Level 1:colcon.colcon_core.package_identification:_identify(.) by extension 'python'
[0.306s] Level 1:colcon.colcon_core.package_identification:_identify(.) by extensions ['python_setup_py']
[0.306s] Level 1:colcon.colcon_core.package_identification:_identify(.) by extension 'python_setup_py'
[0.307s] Level 1:colcon.colcon_core.package_identification:_identify(build) by extensions ['ignore', 'ignore_ament_install']
[0.307s] Level 1:colcon.colcon_core.package_identification:_identify(build) by extension 'ignore'
[0.307s] Level 1:colcon.colcon_core.package_identification:_identify(build) ignored
[0.307s] Level 1:colcon.colcon_core.package_identification:_identify(install) by extensions ['ignore', 'ignore_ament_install']
[0.307s] Level 1:colcon.colcon_core.package_identification:_identify(install) by extension 'ignore'
[0.307s] Level 1:colcon.colcon_core.package_identification:_identify(install) ignored
[0.307s] Level 1:colcon.colcon_core.package_identification:_identify(log) by extensions ['ignore', 'ignore_ament_install']
[0.307s] Level 1:colcon.colcon_core.package_identification:_identify(log) by extension 'ignore'
[0.307s] Level 1:colcon.colcon_core.package_identification:_identify(log) ignored
[0.307s] Level 1:colcon.colcon_core.package_identification:_identify(src) by extensions ['ignore', 'ignore_ament_install']
[0.308s] Level 1:colcon.colcon_core.package_identification:_identify(src) by extension 'ignore'
[0.308s] Level 1:colcon.colcon_core.package_identification:_identify(src) by extension 'ignore_ament_install'
[0.308s] Level 1:colcon.colcon_core.package_identification:_identify(src) by extensions ['colcon_pkg']
[0.308s] Level 1:colcon.colcon_core.package_identification:_identify(src) by extension 'colcon_pkg'
[0.308s] Level 1:colcon.colcon_core.package_identification:_identify(src) by extensions ['colcon_meta']
[0.308s] Level 1:colcon.colcon_core.package_identification:_identify(src) by extension 'colcon_meta'
[0.308s] Level 1:colcon.colcon_core.package_identification:_identify(src) by extensions ['ros']
[0.308s] Level 1:colcon.colcon_core.package_identification:_identify(src) by extension 'ros'
[0.308s] Level 1:colcon.colcon_core.package_identification:_identify(src) by extensions ['cmake', 'python']
[0.308s] Level 1:colcon.colcon_core.package_identification:_identify(src) by extension 'cmake'
[0.308s] Level 1:colcon.colcon_core.package_identification:_identify(src) by extension 'python'
[0.308s] Level 1:colcon.colcon_core.package_identification:_identify(src) by extensions ['python_setup_py']
[0.308s] Level 1:colcon.colcon_core.package_identification:_identify(src) by extension 'python_setup_py'
[0.308s] Level 1:colcon.colcon_core.package_identification:_identify(src/example_cpp) by extensions ['ignore', 'ignore_ament_install']
[0.308s] Level 1:colcon.colcon_core.package_identification:_identify(src/example_cpp) by extension 'ignore'
[0.309s] Level 1:colcon.colcon_core.package_identification:_identify(src/example_cpp) by extension 'ignore_ament_install'
[0.309s] Level 1:colcon.colcon_core.package_identification:_identify(src/example_cpp) by extensions ['colcon_pkg']
[0.309s] Level 1:colcon.colcon_core.package_identification:_identify(src/example_cpp) by extension 'colcon_pkg'
[0.309s] Level 1:colcon.colcon_core.package_identification:_identify(src/example_cpp) by extensions ['colcon_meta']
[0.309s] Level 1:colcon.colcon_core.package_identification:_identify(src/example_cpp) by extension 'colcon_meta'
[0.309s] Level 1:colcon.colcon_core.package_identification:_identify(src/example_cpp) by extensions ['ros']
[0.309s] Level 1:colcon.colcon_core.package_identification:_identify(src/example_cpp) by extension 'ros'
[0.311s] DEBUG:colcon.colcon_core.package_identification:Package 'src/example_cpp' with type 'ros.ament_cmake' and name 'example_cpp'
[0.311s] Level 1:colcon.colcon_core.package_identification:_identify(src/example_py) by extensions ['ignore', 'ignore_ament_install']
[0.311s] Level 1:colcon.colcon_core.package_identification:_identify(src/example_py) by extension 'ignore'
[0.311s] Level 1:colcon.colcon_core.package_identification:_identify(src/example_py) by extension 'ignore_ament_install'
[0.312s] Level 1:colcon.colcon_core.package_identification:_identify(src/example_py) by extensions ['colcon_pkg']
[0.312s] Level 1:colcon.colcon_core.package_identification:_identify(src/example_py) by extension 'colcon_pkg'
[0.312s] Level 1:colcon.colcon_core.package_identification:_identify(src/example_py) by extensions ['colcon_meta']
[0.312s] Level 1:colcon.colcon_core.package_identification:_identify(src/example_py) by extension 'colcon_meta'
[0.312s] Level 1:colcon.colcon_core.package_identification:_identify(src/example_py) by extensions ['ros']
[0.312s] Level 1:colcon.colcon_core.package_identification:_identify(src/example_py) by extension 'ros'
[0.312s] DEBUG:colcon.colcon_core.package_identification:Package 'src/example_py' with type 'ros.ament_python' and name 'example_py'
[0.312s] Level 1:colcon.colcon_core.package_discovery:discover_packages(recursive) using defaults
[0.312s] Level 1:colcon.colcon_core.package_discovery:discover_packages(ignore) discover
[0.312s] Level 1:colcon.colcon_core.package_discovery:discover_packages(ignore) using defaults
[0.312s] Level 1:colcon.colcon_core.package_discovery:discover_packages(path) discover
[0.313s] Level 1:colcon.colcon_core.package_discovery:discover_packages(path) using defaults
[0.330s] Level 1:colcon.colcon_core.package_discovery:discover_packages(prefix_path) check parameters
[0.330s] Level 1:colcon.colcon_core.package_discovery:discover_packages(prefix_path) discover
[0.333s] DEBUG:colcon.colcon_installed_package_information.package_discovery:Found 1 installed packages in /home/htc/robot-ws/learn-ws/src/demo2/demo2_ws/install
[0.334s] DEBUG:colcon.colcon_installed_package_information.package_discovery:Found 16 installed packages in /home/htc/robot-ws/learn-ws/src/demo2/colcon_test_ws/install
[0.336s] DEBUG:colcon.colcon_installed_package_information.package_discovery:Found 372 installed packages in /opt/ros/foxy
[0.339s] Level 1:colcon.colcon_core.package_discovery:discover_packages(prefix_path) using defaults
[0.410s] Level 5:colcon.colcon_core.verb:set package 'example_cpp' build argument 'cmake_args' from command line to 'None'
[0.410s] Level 5:colcon.colcon_core.verb:set package 'example_cpp' build argument 'cmake_target' from command line to 'None'
[0.410s] Level 5:colcon.colcon_core.verb:set package 'example_cpp' build argument 'cmake_target_skip_unavailable' from command line to 'False'
[0.410s] Level 5:colcon.colcon_core.verb:set package 'example_cpp' build argument 'cmake_clean_cache' from command line to 'False'
[0.410s] Level 5:colcon.colcon_core.verb:set package 'example_cpp' build argument 'cmake_clean_first' from command line to 'False'
[0.410s] Level 5:colcon.colcon_core.verb:set package 'example_cpp' build argument 'cmake_force_configure' from command line to 'False'
[0.410s] Level 5:colcon.colcon_core.verb:set package 'example_cpp' build argument 'ament_cmake_args' from command line to 'None'
[0.411s] Level 5:colcon.colcon_core.verb:set package 'example_cpp' build argument 'catkin_cmake_args' from command line to 'None'
[0.411s] Level 5:colcon.colcon_core.verb:set package 'example_cpp' build argument 'catkin_skip_building_tests' from command line to 'False'
[0.411s] DEBUG:colcon.colcon_core.verb:Building package 'example_cpp' with the following arguments: {'ament_cmake_args': None, 'build_base': '/home/htc/robot-ws/learn-ws/src/demo2/demo2_ws/build/example_cpp', 'catkin_cmake_args': None, 'catkin_skip_building_tests': False, 'cmake_args': None, 'cmake_clean_cache': False, 'cmake_clean_first': False, 'cmake_force_configure': False, 'cmake_target': None, 'cmake_target_skip_unavailable': False, 'install_base': '/home/htc/robot-ws/learn-ws/src/demo2/demo2_ws/install/example_cpp', 'merge_install': False, 'path': '/home/htc/robot-ws/learn-ws/src/demo2/demo2_ws/src/example_cpp', 'symlink_install': False, 'test_result_base': None}
[0.411s] Level 5:colcon.colcon_core.verb:set package 'example_py' build argument 'cmake_args' from command line to 'None'
[0.412s] Level 5:colcon.colcon_core.verb:set package 'example_py' build argument 'cmake_target' from command line to 'None'
[0.412s] Level 5:colcon.colcon_core.verb:set package 'example_py' build argument 'cmake_target_skip_unavailable' from command line to 'False'
[0.412s] Level 5:colcon.colcon_core.verb:set package 'example_py' build argument 'cmake_clean_cache' from command line to 'False'
[0.412s] Level 5:colcon.colcon_core.verb:set package 'example_py' build argument 'cmake_clean_first' from command line to 'False'
[0.412s] Level 5:colcon.colcon_core.verb:set package 'example_py' build argument 'cmake_force_configure' from command line to 'False'
[0.412s] Level 5:colcon.colcon_core.verb:set package 'example_py' build argument 'ament_cmake_args' from command line to 'None'
[0.412s] Level 5:colcon.colcon_core.verb:set package 'example_py' build argument 'catkin_cmake_args' from command line to 'None'
[0.412s] Level 5:colcon.colcon_core.verb:set package 'example_py' build argument 'catkin_skip_building_tests' from command line to 'False'
[0.412s] DEBUG:colcon.colcon_core.verb:Building package 'example_py' with the following arguments: {'ament_cmake_args': None, 'build_base': '/home/htc/robot-ws/learn-ws/src/demo2/demo2_ws/build/example_py', 'catkin_cmake_args': None, 'catkin_skip_building_tests': False, 'cmake_args': None, 'cmake_clean_cache': False, 'cmake_clean_first': False, 'cmake_force_configure': False, 'cmake_target': None, 'cmake_target_skip_unavailable': False, 'install_base': '/home/htc/robot-ws/learn-ws/src/demo2/demo2_ws/install/example_py', 'merge_install': False, 'path': '/home/htc/robot-ws/learn-ws/src/demo2/demo2_ws/src/example_py', 'symlink_install': False, 'test_result_base': None}
[0.412s] INFO:colcon.colcon_core.executor:Executing jobs using 'parallel' executor
[0.416s] DEBUG:colcon.colcon_parallel_executor.executor.parallel:run_until_complete
[0.416s] INFO:colcon.colcon_ros.task.ament_cmake.build:Building ROS package in '/home/htc/robot-ws/learn-ws/src/demo2/demo2_ws/src/example_cpp' with build type 'ament_cmake'
[0.416s] INFO:colcon.colcon_cmake.task.cmake.build:Building CMake package in '/home/htc/robot-ws/learn-ws/src/demo2/demo2_ws/src/example_cpp'
[0.420s] INFO:colcon.colcon_core.plugin_system:Skipping extension 'colcon_core.shell.bat': Not used on non-Windows systems
[0.420s] INFO:colcon.colcon_core.shell:Skip shell extension 'powershell' for command environment: Not usable outside of PowerShell
[0.420s] DEBUG:colcon.colcon_core.shell:Skip shell extension 'dsv' for command environment
[0.428s] INFO:colcon.colcon_ros.task.ament_python.build:Building ROS package in '/home/htc/robot-ws/learn-ws/src/demo2/demo2_ws/src/example_py' with build type 'ament_python'
[0.428s] Level 1:colcon.colcon_core.shell:create_environment_hook('example_py', 'ament_prefix_path')
[0.430s] INFO:colcon.colcon_core.shell:Creating environment hook '/home/htc/robot-ws/learn-ws/src/demo2/demo2_ws/install/example_py/share/example_py/hook/ament_prefix_path.ps1'
[0.431s] INFO:colcon.colcon_core.shell:Creating environment descriptor '/home/htc/robot-ws/learn-ws/src/demo2/demo2_ws/install/example_py/share/example_py/hook/ament_prefix_path.dsv'
[0.431s] INFO:colcon.colcon_core.shell:Creating environment hook '/home/htc/robot-ws/learn-ws/src/demo2/demo2_ws/install/example_py/share/example_py/hook/ament_prefix_path.sh'
[0.433s] INFO:colcon.colcon_core.shell:Skip shell extension 'powershell' for command environment: Not usable outside of PowerShell
[0.433s] DEBUG:colcon.colcon_core.shell:Skip shell extension 'dsv' for command environment
[0.446s] DEBUG:colcon.colcon_core.event_handler.log_command:Invoking command in '/home/htc/robot-ws/learn-ws/src/demo2/demo2_ws/build/example_cpp': CMAKE_PREFIX_PATH=${CMAKE_PREFIX_PATH}:/home/htc/robot-ws/learn-ws/src/demo2/colcon_test_ws/install/examples_rclpy_minimal_subscriber:/home/htc/robot-ws/learn-ws/src/demo2/colcon_test_ws/install/examples_rclpy_minimal_service:/home/htc/robot-ws/learn-ws/src/demo2/colcon_test_ws/install/examples_rclpy_minimal_publisher:/home/htc/robot-ws/learn-ws/src/demo2/colcon_test_ws/install/examples_rclpy_minimal_client:/home/htc/robot-ws/learn-ws/src/demo2/colcon_test_ws/install/examples_rclpy_minimal_action_server:/home/htc/robot-ws/learn-ws/src/demo2/colcon_test_ws/install/examples_rclpy_minimal_action_client:/home/htc/robot-ws/learn-ws/src/demo2/colcon_test_ws/install/examples_rclpy_executors:/opt/ros/foxy /usr/bin/cmake --build /home/htc/robot-ws/learn-ws/src/demo2/demo2_ws/build/example_cpp -- -j8 -l8
[0.651s] INFO:colcon.colcon_core.task.python.build:Building Python package in '/home/htc/robot-ws/learn-ws/src/demo2/demo2_ws/src/example_py'
[0.653s] INFO:colcon.colcon_core.shell:Skip shell extension 'powershell' for command environment: Not usable outside of PowerShell
[0.653s] DEBUG:colcon.colcon_core.shell:Skip shell extension 'dsv' for command environment
[0.663s] DEBUG:colcon.colcon_core.event_handler.log_command:Invoked command in '/home/htc/robot-ws/learn-ws/src/demo2/demo2_ws/build/example_cpp' returned '0': CMAKE_PREFIX_PATH=${CMAKE_PREFIX_PATH}:/home/htc/robot-ws/learn-ws/src/demo2/colcon_test_ws/install/examples_rclpy_minimal_subscriber:/home/htc/robot-ws/learn-ws/src/demo2/colcon_test_ws/install/examples_rclpy_minimal_service:/home/htc/robot-ws/learn-ws/src/demo2/colcon_test_ws/install/examples_rclpy_minimal_publisher:/home/htc/robot-ws/learn-ws/src/demo2/colcon_test_ws/install/examples_rclpy_minimal_client:/home/htc/robot-ws/learn-ws/src/demo2/colcon_test_ws/install/examples_rclpy_minimal_action_server:/home/htc/robot-ws/learn-ws/src/demo2/colcon_test_ws/install/examples_rclpy_minimal_action_client:/home/htc/robot-ws/learn-ws/src/demo2/colcon_test_ws/install/examples_rclpy_executors:/opt/ros/foxy /usr/bin/cmake --build /home/htc/robot-ws/learn-ws/src/demo2/demo2_ws/build/example_cpp -- -j8 -l8
[0.698s] DEBUG:colcon.colcon_core.event_handler.log_command:Invoking command in '/home/htc/robot-ws/learn-ws/src/demo2/demo2_ws/build/example_cpp': CMAKE_PREFIX_PATH=${CMAKE_PREFIX_PATH}:/home/htc/robot-ws/learn-ws/src/demo2/colcon_test_ws/install/examples_rclpy_minimal_subscriber:/home/htc/robot-ws/learn-ws/src/demo2/colcon_test_ws/install/examples_rclpy_minimal_service:/home/htc/robot-ws/learn-ws/src/demo2/colcon_test_ws/install/examples_rclpy_minimal_publisher:/home/htc/robot-ws/learn-ws/src/demo2/colcon_test_ws/install/examples_rclpy_minimal_client:/home/htc/robot-ws/learn-ws/src/demo2/colcon_test_ws/install/examples_rclpy_minimal_action_server:/home/htc/robot-ws/learn-ws/src/demo2/colcon_test_ws/install/examples_rclpy_minimal_action_client:/home/htc/robot-ws/learn-ws/src/demo2/colcon_test_ws/install/examples_rclpy_executors:/opt/ros/foxy /usr/bin/cmake --install /home/htc/robot-ws/learn-ws/src/demo2/demo2_ws/build/example_cpp
[0.708s] Level 1:colcon.colcon_core.environment:create_environment_scripts_only(example_cpp)
[0.709s] DEBUG:colcon.colcon_core.event_handler.log_command:Invoked command in '/home/htc/robot-ws/learn-ws/src/demo2/demo2_ws/build/example_cpp' returned '0': CMAKE_PREFIX_PATH=${CMAKE_PREFIX_PATH}:/home/htc/robot-ws/learn-ws/src/demo2/colcon_test_ws/install/examples_rclpy_minimal_subscriber:/home/htc/robot-ws/learn-ws/src/demo2/colcon_test_ws/install/examples_rclpy_minimal_service:/home/htc/robot-ws/learn-ws/src/demo2/colcon_test_ws/install/examples_rclpy_minimal_publisher:/home/htc/robot-ws/learn-ws/src/demo2/colcon_test_ws/install/examples_rclpy_minimal_client:/home/htc/robot-ws/learn-ws/src/demo2/colcon_test_ws/install/examples_rclpy_minimal_action_server:/home/htc/robot-ws/learn-ws/src/demo2/colcon_test_ws/install/examples_rclpy_minimal_action_client:/home/htc/robot-ws/learn-ws/src/demo2/colcon_test_ws/install/examples_rclpy_executors:/opt/ros/foxy /usr/bin/cmake --install /home/htc/robot-ws/learn-ws/src/demo2/demo2_ws/build/example_cpp
[0.715s] Level 1:colcon.colcon_core.environment:checking '/home/htc/robot-ws/learn-ws/src/demo2/demo2_ws/install/example_cpp' for CMake module files
[0.716s] Level 1:colcon.colcon_core.environment:checking '/home/htc/robot-ws/learn-ws/src/demo2/demo2_ws/install/example_cpp' for CMake config files
[0.716s] Level 1:colcon.colcon_core.shell:create_environment_hook('example_cpp', 'cmake_prefix_path')
[0.718s] INFO:colcon.colcon_core.shell:Creating environment hook '/home/htc/robot-ws/learn-ws/src/demo2/demo2_ws/install/example_cpp/share/example_cpp/hook/cmake_prefix_path.ps1'
[0.718s] INFO:colcon.colcon_core.shell:Creating environment descriptor '/home/htc/robot-ws/learn-ws/src/demo2/demo2_ws/install/example_cpp/share/example_cpp/hook/cmake_prefix_path.dsv'
[0.718s] INFO:colcon.colcon_core.shell:Creating environment hook '/home/htc/robot-ws/learn-ws/src/demo2/demo2_ws/install/example_cpp/share/example_cpp/hook/cmake_prefix_path.sh'
[0.719s] Level 1:colcon.colcon_core.environment:checking '/home/htc/robot-ws/learn-ws/src/demo2/demo2_ws/install/example_cpp/lib'
[0.719s] Level 1:colcon.colcon_core.environment:checking '/home/htc/robot-ws/learn-ws/src/demo2/demo2_ws/install/example_cpp/bin'
[0.719s] Level 1:colcon.colcon_core.environment:checking '/home/htc/robot-ws/learn-ws/src/demo2/demo2_ws/install/example_cpp/lib/pkgconfig/example_cpp.pc'
[0.720s] Level 1:colcon.colcon_core.environment:checking '/home/htc/robot-ws/learn-ws/src/demo2/demo2_ws/install/example_cpp/lib/python3.8/site-packages'
[0.720s] Level 1:colcon.colcon_core.environment:checking '/home/htc/robot-ws/learn-ws/src/demo2/demo2_ws/install/example_cpp/bin'
[0.721s] INFO:colcon.colcon_core.shell:Creating package script '/home/htc/robot-ws/learn-ws/src/demo2/demo2_ws/install/example_cpp/share/example_cpp/package.ps1'
[0.722s] INFO:colcon.colcon_core.shell:Creating package descriptor '/home/htc/robot-ws/learn-ws/src/demo2/demo2_ws/install/example_cpp/share/example_cpp/package.dsv'
[0.722s] INFO:colcon.colcon_core.shell:Creating package script '/home/htc/robot-ws/learn-ws/src/demo2/demo2_ws/install/example_cpp/share/example_cpp/package.sh'
[0.723s] INFO:colcon.colcon_core.shell:Creating package script '/home/htc/robot-ws/learn-ws/src/demo2/demo2_ws/install/example_cpp/share/example_cpp/package.bash'
[0.724s] INFO:colcon.colcon_core.shell:Creating package script '/home/htc/robot-ws/learn-ws/src/demo2/demo2_ws/install/example_cpp/share/example_cpp/package.zsh'
[0.724s] Level 1:colcon.colcon_core.environment:create_file_with_runtime_dependencies(/home/htc/robot-ws/learn-ws/src/demo2/demo2_ws/install/example_cpp/share/colcon-core/packages/example_cpp)
[0.750s] Level 1:colcon.colcon_core.environment:create_environment_scripts_only(example_cpp)
[0.751s] Level 1:colcon.colcon_core.environment:checking '/home/htc/robot-ws/learn-ws/src/demo2/demo2_ws/install/example_cpp' for CMake module files
[0.752s] Level 1:colcon.colcon_core.environment:checking '/home/htc/robot-ws/learn-ws/src/demo2/demo2_ws/install/example_cpp' for CMake config files
[0.752s] Level 1:colcon.colcon_core.shell:create_environment_hook('example_cpp', 'cmake_prefix_path')
[0.754s] INFO:colcon.colcon_core.shell:Creating environment hook '/home/htc/robot-ws/learn-ws/src/demo2/demo2_ws/install/example_cpp/share/example_cpp/hook/cmake_prefix_path.ps1'
[0.754s] INFO:colcon.colcon_core.shell:Creating environment descriptor '/home/htc/robot-ws/learn-ws/src/demo2/demo2_ws/install/example_cpp/share/example_cpp/hook/cmake_prefix_path.dsv'
[0.755s] INFO:colcon.colcon_core.shell:Creating environment hook '/home/htc/robot-ws/learn-ws/src/demo2/demo2_ws/install/example_cpp/share/example_cpp/hook/cmake_prefix_path.sh'
[0.755s] Level 1:colcon.colcon_core.environment:checking '/home/htc/robot-ws/learn-ws/src/demo2/demo2_ws/install/example_cpp/lib'
[0.755s] Level 1:colcon.colcon_core.environment:checking '/home/htc/robot-ws/learn-ws/src/demo2/demo2_ws/install/example_cpp/bin'
[0.755s] Level 1:colcon.colcon_core.environment:checking '/home/htc/robot-ws/learn-ws/src/demo2/demo2_ws/install/example_cpp/lib/pkgconfig/example_cpp.pc'
[0.756s] Level 1:colcon.colcon_core.environment:checking '/home/htc/robot-ws/learn-ws/src/demo2/demo2_ws/install/example_cpp/lib/python3.8/site-packages'
[0.756s] Level 1:colcon.colcon_core.environment:checking '/home/htc/robot-ws/learn-ws/src/demo2/demo2_ws/install/example_cpp/bin'
[0.757s] INFO:colcon.colcon_core.shell:Creating package script '/home/htc/robot-ws/learn-ws/src/demo2/demo2_ws/install/example_cpp/share/example_cpp/package.ps1'
[0.757s] INFO:colcon.colcon_core.shell:Creating package descriptor '/home/htc/robot-ws/learn-ws/src/demo2/demo2_ws/install/example_cpp/share/example_cpp/package.dsv'
[0.758s] INFO:colcon.colcon_core.shell:Creating package script '/home/htc/robot-ws/learn-ws/src/demo2/demo2_ws/install/example_cpp/share/example_cpp/package.sh'
[0.758s] INFO:colcon.colcon_core.shell:Creating package script '/home/htc/robot-ws/learn-ws/src/demo2/demo2_ws/install/example_cpp/share/example_cpp/package.bash'
[0.759s] INFO:colcon.colcon_core.shell:Creating package script '/home/htc/robot-ws/learn-ws/src/demo2/demo2_ws/install/example_cpp/share/example_cpp/package.zsh'
[0.759s] Level 1:colcon.colcon_core.environment:create_file_with_runtime_dependencies(/home/htc/robot-ws/learn-ws/src/demo2/demo2_ws/install/example_cpp/share/colcon-core/packages/example_cpp)
[1.037s] DEBUG:colcon.colcon_core.event_handler.log_command:Invoking command in '/home/htc/robot-ws/learn-ws/src/demo2/demo2_ws/src/example_py': PYTHONPATH=/home/htc/robot-ws/learn-ws/src/demo2/demo2_ws/build/example_py/prefix_override:/home/htc/robot-ws/learn-ws/src/demo2/demo2_ws/install/example_py/lib/python3.8/site-packages:${PYTHONPATH} /usr/bin/python3 setup.py egg_info --egg-base ../../build/example_py build --build-base /home/htc/robot-ws/learn-ws/src/demo2/demo2_ws/build/example_py/build install --record /home/htc/robot-ws/learn-ws/src/demo2/demo2_ws/build/example_py/install.log --install-scripts $base/lib/example_py --single-version-externally-managed
[1.302s] Level 1:colcon.colcon_core.environment:checking '/home/htc/robot-ws/learn-ws/src/demo2/demo2_ws/install/example_py' for CMake module files
[1.302s] DEBUG:colcon.colcon_core.event_handler.log_command:Invoked command in '/home/htc/robot-ws/learn-ws/src/demo2/demo2_ws/src/example_py' returned '0': PYTHONPATH=/home/htc/robot-ws/learn-ws/src/demo2/demo2_ws/build/example_py/prefix_override:/home/htc/robot-ws/learn-ws/src/demo2/demo2_ws/install/example_py/lib/python3.8/site-packages:${PYTHONPATH} /usr/bin/python3 setup.py egg_info --egg-base ../../build/example_py build --build-base /home/htc/robot-ws/learn-ws/src/demo2/demo2_ws/build/example_py/build install --record /home/htc/robot-ws/learn-ws/src/demo2/demo2_ws/build/example_py/install.log --install-scripts $base/lib/example_py --single-version-externally-managed
[1.303s] Level 1:colcon.colcon_core.environment:checking '/home/htc/robot-ws/learn-ws/src/demo2/demo2_ws/install/example_py' for CMake config files
[1.303s] Level 1:colcon.colcon_core.environment:checking '/home/htc/robot-ws/learn-ws/src/demo2/demo2_ws/install/example_py/lib'
[1.303s] Level 1:colcon.colcon_core.environment:checking '/home/htc/robot-ws/learn-ws/src/demo2/demo2_ws/install/example_py/bin'
[1.303s] Level 1:colcon.colcon_core.environment:checking '/home/htc/robot-ws/learn-ws/src/demo2/demo2_ws/install/example_py/lib/pkgconfig/example_py.pc'
[1.304s] Level 1:colcon.colcon_core.environment:checking '/home/htc/robot-ws/learn-ws/src/demo2/demo2_ws/install/example_py/lib/python3.8/site-packages'
[1.304s] Level 1:colcon.colcon_core.shell:create_environment_hook('example_py', 'pythonpath')
[1.305s] INFO:colcon.colcon_core.shell:Creating environment hook '/home/htc/robot-ws/learn-ws/src/demo2/demo2_ws/install/example_py/share/example_py/hook/pythonpath.ps1'
[1.306s] INFO:colcon.colcon_core.shell:Creating environment descriptor '/home/htc/robot-ws/learn-ws/src/demo2/demo2_ws/install/example_py/share/example_py/hook/pythonpath.dsv'
[1.306s] INFO:colcon.colcon_core.shell:Creating environment hook '/home/htc/robot-ws/learn-ws/src/demo2/demo2_ws/install/example_py/share/example_py/hook/pythonpath.sh'
[1.306s] Level 1:colcon.colcon_core.environment:checking '/home/htc/robot-ws/learn-ws/src/demo2/demo2_ws/install/example_py/bin'
[1.306s] Level 1:colcon.colcon_core.environment:create_environment_scripts_only(example_py)
[1.308s] INFO:colcon.colcon_core.shell:Creating package script '/home/htc/robot-ws/learn-ws/src/demo2/demo2_ws/install/example_py/share/example_py/package.ps1'
[1.308s] INFO:colcon.colcon_core.shell:Creating package descriptor '/home/htc/robot-ws/learn-ws/src/demo2/demo2_ws/install/example_py/share/example_py/package.dsv'
[1.308s] INFO:colcon.colcon_core.shell:Creating package script '/home/htc/robot-ws/learn-ws/src/demo2/demo2_ws/install/example_py/share/example_py/package.sh'
[1.309s] INFO:colcon.colcon_core.shell:Creating package script '/home/htc/robot-ws/learn-ws/src/demo2/demo2_ws/install/example_py/share/example_py/package.bash'
[1.309s] INFO:colcon.colcon_core.shell:Creating package script '/home/htc/robot-ws/learn-ws/src/demo2/demo2_ws/install/example_py/share/example_py/package.zsh'
[1.309s] Level 1:colcon.colcon_core.environment:create_file_with_runtime_dependencies(/home/htc/robot-ws/learn-ws/src/demo2/demo2_ws/install/example_py/share/colcon-core/packages/example_py)
[1.310s] DEBUG:colcon.colcon_parallel_executor.executor.parallel:closing loop
[1.310s] DEBUG:colcon.colcon_parallel_executor.executor.parallel:loop closed
[1.310s] DEBUG:colcon.colcon_parallel_executor.executor.parallel:run_until_complete finished with '0'
[1.310s] DEBUG:colcon.colcon_core.event_reactor:joining thread
[1.315s] INFO:colcon.colcon_core.plugin_system:Skipping extension 'colcon_notification.desktop_notification.terminal_notifier': Not used on non-Darwin systems
[1.315s] INFO:colcon.colcon_core.plugin_system:Skipping extension 'colcon_notification.desktop_notification.win32': Not used on non-Windows systems
[1.315s] INFO:colcon.colcon_notification.desktop_notification:Sending desktop notification using 'notify2'
[1.328s] DEBUG:colcon.colcon_core.event_reactor:joined thread
[1.329s] INFO:colcon.colcon_core.shell:Creating prefix script '/home/htc/robot-ws/learn-ws/src/demo2/demo2_ws/install/local_setup.ps1'
[1.330s] INFO:colcon.colcon_core.shell:Creating prefix util module '/home/htc/robot-ws/learn-ws/src/demo2/demo2_ws/install/_local_setup_util_ps1.py'
[1.331s] INFO:colcon.colcon_core.shell:Creating prefix chain script '/home/htc/robot-ws/learn-ws/src/demo2/demo2_ws/install/setup.ps1'
[1.333s] INFO:colcon.colcon_core.shell:Creating prefix script '/home/htc/robot-ws/learn-ws/src/demo2/demo2_ws/install/local_setup.sh'
[1.333s] INFO:colcon.colcon_core.shell:Creating prefix util module '/home/htc/robot-ws/learn-ws/src/demo2/demo2_ws/install/_local_setup_util_sh.py'
[1.334s] INFO:colcon.colcon_core.shell:Creating prefix chain script '/home/htc/robot-ws/learn-ws/src/demo2/demo2_ws/install/setup.sh'
[1.335s] INFO:colcon.colcon_core.shell:Creating prefix script '/home/htc/robot-ws/learn-ws/src/demo2/demo2_ws/install/local_setup.bash'
[1.336s] INFO:colcon.colcon_core.shell:Creating prefix chain script '/home/htc/robot-ws/learn-ws/src/demo2/demo2_ws/install/setup.bash'
[1.338s] INFO:colcon.colcon_core.shell:Creating prefix script '/home/htc/robot-ws/learn-ws/src/demo2/demo2_ws/install/local_setup.zsh'
[1.338s] INFO:colcon.colcon_core.shell:Creating prefix chain script '/home/htc/robot-ws/learn-ws/src/demo2/demo2_ws/install/setup.zsh'
