[0.606s] Invoking command in '/home/htc/robot-ws/learn-ws/src/demo2/demo2_ws/src/example_py': PYTHONPATH=/home/htc/robot-ws/learn-ws/src/demo2/demo2_ws/build/example_py/prefix_override:/home/htc/robot-ws/learn-ws/src/demo2/demo2_ws/install/example_py/lib/python3.8/site-packages:${PYTHONPATH} /usr/bin/python3 setup.py egg_info --egg-base ../../build/example_py build --build-base /home/htc/robot-ws/learn-ws/src/demo2/demo2_ws/build/example_py/build install --record /home/htc/robot-ws/learn-ws/src/demo2/demo2_ws/build/example_py/install.log --install-scripts $base/lib/example_py --single-version-externally-managed
[0.803s] running egg_info
[0.803s] creating ../../build/example_py/example_py.egg-info
[0.803s] writing ../../build/example_py/example_py.egg-info/PKG-INFO
[0.803s] writing dependency_links to ../../build/example_py/example_py.egg-info/dependency_links.txt
[0.804s] writing entry points to ../../build/example_py/example_py.egg-info/entry_points.txt
[0.804s] writing requirements to ../../build/example_py/example_py.egg-info/requires.txt
[0.804s] writing top-level names to ../../build/example_py/example_py.egg-info/top_level.txt
[0.805s] writing manifest file '../../build/example_py/example_py.egg-info/SOURCES.txt'
[0.832s] reading manifest file '../../build/example_py/example_py.egg-info/SOURCES.txt'
[0.833s] writing manifest file '../../build/example_py/example_py.egg-info/SOURCES.txt'
[0.833s] running build
[0.833s] running build_py
[0.833s] creating /home/htc/robot-ws/learn-ws/src/demo2/demo2_ws/build/example_py/build
[0.833s] creating /home/htc/robot-ws/learn-ws/src/demo2/demo2_ws/build/example_py/build/lib
[0.833s] creating /home/htc/robot-ws/learn-ws/src/demo2/demo2_ws/build/example_py/build/lib/example_py
[0.833s] copying example_py/__init__.py -> /home/htc/robot-ws/learn-ws/src/demo2/demo2_ws/build/example_py/build/lib/example_py
[0.834s] copying example_py/node_02.py -> /home/htc/robot-ws/learn-ws/src/demo2/demo2_ws/build/example_py/build/lib/example_py
[0.834s] running install
[0.834s] running install_lib
[0.835s] creating /home/htc/robot-ws/learn-ws/src/demo2/demo2_ws/install/example_py/lib/python3.8/site-packages/example_py
[0.835s] copying /home/htc/robot-ws/learn-ws/src/demo2/demo2_ws/build/example_py/build/lib/example_py/__init__.py -> /home/htc/robot-ws/learn-ws/src/demo2/demo2_ws/install/example_py/lib/python3.8/site-packages/example_py
[0.835s] copying /home/htc/robot-ws/learn-ws/src/demo2/demo2_ws/build/example_py/build/lib/example_py/node_02.py -> /home/htc/robot-ws/learn-ws/src/demo2/demo2_ws/install/example_py/lib/python3.8/site-packages/example_py
[0.835s] byte-compiling /home/htc/robot-ws/learn-ws/src/demo2/demo2_ws/install/example_py/lib/python3.8/site-packages/example_py/__init__.py to __init__.cpython-38.pyc
[0.836s] byte-compiling /home/htc/robot-ws/learn-ws/src/demo2/demo2_ws/install/example_py/lib/python3.8/site-packages/example_py/node_02.py to node_02.cpython-38.pyc
[0.836s] running install_data
[0.837s] creating /home/htc/robot-ws/learn-ws/src/demo2/demo2_ws/install/example_py/share/ament_index
[0.837s] creating /home/htc/robot-ws/learn-ws/src/demo2/demo2_ws/install/example_py/share/ament_index/resource_index
[0.837s] creating /home/htc/robot-ws/learn-ws/src/demo2/demo2_ws/install/example_py/share/ament_index/resource_index/packages
[0.837s] copying resource/example_py -> /home/htc/robot-ws/learn-ws/src/demo2/demo2_ws/install/example_py/share/ament_index/resource_index/packages
[0.837s] copying package.xml -> /home/htc/robot-ws/learn-ws/src/demo2/demo2_ws/install/example_py/share/example_py
[0.837s] running install_egg_info
[0.838s] Copying ../../build/example_py/example_py.egg-info to /home/htc/robot-ws/learn-ws/src/demo2/demo2_ws/install/example_py/lib/python3.8/site-packages/example_py-0.0.0-py3.8.egg-info
[0.839s] running install_scripts
[0.853s] Installing node_02 script to /home/htc/robot-ws/learn-ws/src/demo2/demo2_ws/install/example_py/lib/example_py
[0.853s] writing list of installed files to '/home/htc/robot-ws/learn-ws/src/demo2/demo2_ws/build/example_py/install.log'
[0.872s] Invoked command in '/home/htc/robot-ws/learn-ws/src/demo2/demo2_ws/src/example_py' returned '0': PYTHONPATH=/home/htc/robot-ws/learn-ws/src/demo2/demo2_ws/build/example_py/prefix_override:/home/htc/robot-ws/learn-ws/src/demo2/demo2_ws/install/example_py/lib/python3.8/site-packages:${PYTHONPATH} /usr/bin/python3 setup.py egg_info --egg-base ../../build/example_py build --build-base /home/htc/robot-ws/learn-ws/src/demo2/demo2_ws/build/example_py/build install --record /home/htc/robot-ws/learn-ws/src/demo2/demo2_ws/build/example_py/install.log --install-scripts $base/lib/example_py --single-version-externally-managed
