[0.016s] Invoking command in '/home/htc/robot-ws/learn-ws/src/demo3/demo3_ws/build/example_topic_rclcpp': CMAKE_PREFIX_PATH=${CMAKE_PREFIX_PATH}:/opt/ros/foxy /usr/bin/cmake --build /home/htc/robot-ws/learn-ws/src/demo3/demo3_ws/build/example_topic_rclcpp -- -j8 -l8
[0.039s] -- Found ament_cmake: 0.9.11 (/opt/ros/foxy/share/ament_cmake/cmake)
[0.058s] -- Using PYTHON_EXECUTABLE: /usr/bin/python3
[0.212s] -- Found rclcpp: 2.4.2 (/opt/ros/foxy/share/rclcpp/cmake)
[0.245s] -- Using all available rosidl_typesupport_c: rosidl_typesupport_fastrtps_c;rosidl_typesupport_introspection_c
[0.248s] -- Found rosidl_adapter: 1.3.0 (/opt/ros/foxy/share/rosidl_adapter/cmake)
[0.357s] -- Using all available rosidl_typesupport_cpp: rosidl_typesupport_fastrtps_cpp;rosidl_typesupport_introspection_cpp
[0.401s] -- Found rmw_implementation_cmake: 1.0.4 (/opt/ros/foxy/share/rmw_implementation_cmake/cmake)
[0.402s] -- Using RMW implementation 'rmw_fastrtps_cpp' as default
[0.544s] -- Found ament_lint_auto: 0.9.8 (/opt/ros/foxy/share/ament_lint_auto/cmake)
[0.603s] -- Added test 'copyright' to check source files copyright and LICENSE
[0.604s] -- Added test 'cppcheck' to perform static code analysis on C / C++ code
[0.604s] -- Configured cppcheck include dirs: 
[0.604s] -- Configured cppcheck exclude dirs and/or files: 
[0.605s] -- Added test 'cpplint' to check C / C++ code against the Google style
[0.605s] -- Configured cpplint exclude dirs and/or files: 
[0.606s] -- Added test 'lint_cmake' to check CMake code style
[0.607s] -- Added test 'uncrustify' to check C / C++ code style
[0.607s] -- Configured uncrustify additional arguments: 
[0.607s] -- Added test 'xmllint' to check XML markup files
[0.612s] -- Configuring done
[0.623s] -- Generating done
[0.626s] -- Build files have been written to: /home/htc/robot-ws/learn-ws/src/demo3/demo3_ws/build/example_topic_rclcpp
[0.649s] [35m[1mScanning dependencies of target topic_subscribe_01[0m
[0.669s] [ 50%] Built target topic_publisher_01
[0.682s] [ 75%] [32mBuilding CXX object CMakeFiles/topic_subscribe_01.dir/src/topic_subscribe_01.cpp.o[0m
[2.152s] [100%] [32m[1mLinking CXX executable topic_subscribe_01[0m
[2.252s] [100%] Built target topic_subscribe_01
[2.262s] Invoked command in '/home/htc/robot-ws/learn-ws/src/demo3/demo3_ws/build/example_topic_rclcpp' returned '0': CMAKE_PREFIX_PATH=${CMAKE_PREFIX_PATH}:/opt/ros/foxy /usr/bin/cmake --build /home/htc/robot-ws/learn-ws/src/demo3/demo3_ws/build/example_topic_rclcpp -- -j8 -l8
[2.297s] Invoking command in '/home/htc/robot-ws/learn-ws/src/demo3/demo3_ws/build/example_topic_rclcpp': CMAKE_PREFIX_PATH=${CMAKE_PREFIX_PATH}:/opt/ros/foxy /usr/bin/cmake --install /home/htc/robot-ws/learn-ws/src/demo3/demo3_ws/build/example_topic_rclcpp
[2.306s] -- Install configuration: ""
[2.306s] -- Up-to-date: /home/htc/robot-ws/learn-ws/src/demo3/demo3_ws/install/example_topic_rclcpp/share/ament_index/resource_index/package_run_dependencies/example_topic_rclcpp
[2.306s] -- Up-to-date: /home/htc/robot-ws/learn-ws/src/demo3/demo3_ws/install/example_topic_rclcpp/share/ament_index/resource_index/parent_prefix_path/example_topic_rclcpp
[2.306s] -- Up-to-date: /home/htc/robot-ws/learn-ws/src/demo3/demo3_ws/install/example_topic_rclcpp/share/example_topic_rclcpp/environment/ament_prefix_path.sh
[2.306s] -- Installing: /home/htc/robot-ws/learn-ws/src/demo3/demo3_ws/install/example_topic_rclcpp/share/example_topic_rclcpp/environment/ament_prefix_path.dsv
[2.306s] -- Up-to-date: /home/htc/robot-ws/learn-ws/src/demo3/demo3_ws/install/example_topic_rclcpp/share/example_topic_rclcpp/environment/path.sh
[2.306s] -- Installing: /home/htc/robot-ws/learn-ws/src/demo3/demo3_ws/install/example_topic_rclcpp/share/example_topic_rclcpp/environment/path.dsv
[2.307s] -- Up-to-date: /home/htc/robot-ws/learn-ws/src/demo3/demo3_ws/install/example_topic_rclcpp/share/example_topic_rclcpp/local_setup.bash
[2.307s] -- Up-to-date: /home/htc/robot-ws/learn-ws/src/demo3/demo3_ws/install/example_topic_rclcpp/share/example_topic_rclcpp/local_setup.sh
[2.307s] -- Up-to-date: /home/htc/robot-ws/learn-ws/src/demo3/demo3_ws/install/example_topic_rclcpp/share/example_topic_rclcpp/local_setup.zsh
[2.307s] -- Installing: /home/htc/robot-ws/learn-ws/src/demo3/demo3_ws/install/example_topic_rclcpp/share/example_topic_rclcpp/local_setup.dsv
[2.307s] -- Installing: /home/htc/robot-ws/learn-ws/src/demo3/demo3_ws/install/example_topic_rclcpp/share/example_topic_rclcpp/package.dsv
[2.307s] -- Up-to-date: /home/htc/robot-ws/learn-ws/src/demo3/demo3_ws/install/example_topic_rclcpp/share/ament_index/resource_index/packages/example_topic_rclcpp
[2.307s] -- Up-to-date: /home/htc/robot-ws/learn-ws/src/demo3/demo3_ws/install/example_topic_rclcpp/share/example_topic_rclcpp/cmake/example_topic_rclcppConfig.cmake
[2.307s] -- Up-to-date: /home/htc/robot-ws/learn-ws/src/demo3/demo3_ws/install/example_topic_rclcpp/share/example_topic_rclcpp/cmake/example_topic_rclcppConfig-version.cmake
[2.307s] -- Up-to-date: /home/htc/robot-ws/learn-ws/src/demo3/demo3_ws/install/example_topic_rclcpp/share/example_topic_rclcpp/package.xml
[2.307s] -- Up-to-date: /home/htc/robot-ws/learn-ws/src/demo3/demo3_ws/install/example_topic_rclcpp/lib/example_topic_rclcpp/topic_publisher_01
[2.308s] -- Installing: /home/htc/robot-ws/learn-ws/src/demo3/demo3_ws/install/example_topic_rclcpp/lib/example_topic_rclcpp/topic_subscribe_01
[2.308s] -- Set runtime path of "/home/htc/robot-ws/learn-ws/src/demo3/demo3_ws/install/example_topic_rclcpp/lib/example_topic_rclcpp/topic_subscribe_01" to ""
[2.311s] Invoked command in '/home/htc/robot-ws/learn-ws/src/demo3/demo3_ws/build/example_topic_rclcpp' returned '0': CMAKE_PREFIX_PATH=${CMAKE_PREFIX_PATH}:/opt/ros/foxy /usr/bin/cmake --install /home/htc/robot-ws/learn-ws/src/demo3/demo3_ws/build/example_topic_rclcpp
