[0.012s] Invoking command in '/home/htc/robot-ws/learn-ws/src/demo3/demo3_ws/build/example_topic_rclcpp': CMAKE_PREFIX_PATH=/opt/ros/foxy /usr/bin/cmake /home/htc/robot-ws/learn-ws/src/demo3/demo3_ws/src/example_topic_rclcpp -DCMAKE_INSTALL_PREFIX=/home/htc/robot-ws/learn-ws/src/demo3/demo3_ws/install/example_topic_rclcpp
[0.063s] -- The C compiler identification is GNU 9.4.0
[0.110s] -- The CXX compiler identification is GNU 9.4.0
[0.115s] -- Check for working C compiler: /usr/bin/cc
[0.175s] -- Check for working C compiler: /usr/bin/cc -- works
[0.176s] -- Detecting C compiler ABI info
[0.238s] -- Detecting C compiler ABI info - done
[0.248s] -- Detecting C compile features
[0.248s] -- Detecting C compile features - done
[0.251s] -- Check for working CXX compiler: /usr/bin/c++
[0.320s] -- Check for working CXX compiler: /usr/bin/c++ -- works
[0.321s] -- Detecting CXX compiler ABI info
[0.390s] -- Detecting CXX compiler ABI info - done
[0.402s] -- Detecting CXX compile features
[0.403s] -- Detecting CXX compile features - done
[0.406s] -- Found ament_cmake: 0.9.11 (/opt/ros/foxy/share/ament_cmake/cmake)
[0.428s] -- Found PythonInterp: /usr/bin/python3 (found suitable version "3.8.10", minimum required is "3") 
[0.428s] -- Using PYTHON_EXECUTABLE: /usr/bin/python3
[0.607s] -- Found rclcpp: 2.4.2 (/opt/ros/foxy/share/rclcpp/cmake)
[0.650s] -- Using all available rosidl_typesupport_c: rosidl_typesupport_fastrtps_c;rosidl_typesupport_introspection_c
[0.656s] -- Found rosidl_adapter: 1.3.0 (/opt/ros/foxy/share/rosidl_adapter/cmake)
[0.730s] -- Found OpenSSL: /usr/lib/x86_64-linux-gnu/libcrypto.so (found version "1.1.1f")  
[0.766s] -- Found FastRTPS: /opt/ros/foxy/include  
[0.839s] -- Using all available rosidl_typesupport_cpp: rosidl_typesupport_fastrtps_cpp;rosidl_typesupport_introspection_cpp
[0.891s] -- Found rmw_implementation_cmake: 1.0.4 (/opt/ros/foxy/share/rmw_implementation_cmake/cmake)
[0.892s] -- Using RMW implementation 'rmw_fastrtps_cpp' as default
[0.893s] -- Looking for pthread.h
[0.956s] -- Looking for pthread.h - found
[0.956s] -- Performing Test CMAKE_HAVE_LIBC_PTHREAD
[1.023s] -- Performing Test CMAKE_HAVE_LIBC_PTHREAD - Failed
[1.024s] -- Looking for pthread_create in pthreads
[1.077s] -- Looking for pthread_create in pthreads - not found
[1.077s] -- Looking for pthread_create in pthread
[1.138s] -- Looking for pthread_create in pthread - found
[1.139s] -- Found Threads: TRUE  
[1.290s] -- Found ament_lint_auto: 0.9.8 (/opt/ros/foxy/share/ament_lint_auto/cmake)
[1.355s] -- Added test 'copyright' to check source files copyright and LICENSE
[1.356s] -- Added test 'cppcheck' to perform static code analysis on C / C++ code
[1.356s] -- Configured cppcheck include dirs: 
[1.357s] -- Configured cppcheck exclude dirs and/or files: 
[1.357s] -- Added test 'cpplint' to check C / C++ code against the Google style
[1.358s] -- Configured cpplint exclude dirs and/or files: 
[1.358s] -- Added test 'lint_cmake' to check CMake code style
[1.359s] -- Added test 'uncrustify' to check C / C++ code style
[1.359s] -- Configured uncrustify additional arguments: 
[1.360s] -- Added test 'xmllint' to check XML markup files
[1.363s] -- Configuring done
[1.369s] -- Generating done
[1.370s] -- Build files have been written to: /home/htc/robot-ws/learn-ws/src/demo3/demo3_ws/build/example_topic_rclcpp
[1.378s] Invoked command in '/home/htc/robot-ws/learn-ws/src/demo3/demo3_ws/build/example_topic_rclcpp' returned '0': CMAKE_PREFIX_PATH=/opt/ros/foxy /usr/bin/cmake /home/htc/robot-ws/learn-ws/src/demo3/demo3_ws/src/example_topic_rclcpp -DCMAKE_INSTALL_PREFIX=/home/htc/robot-ws/learn-ws/src/demo3/demo3_ws/install/example_topic_rclcpp
[1.380s] Invoking command in '/home/htc/robot-ws/learn-ws/src/demo3/demo3_ws/build/example_topic_rclcpp': CMAKE_PREFIX_PATH=/opt/ros/foxy /usr/bin/cmake --build /home/htc/robot-ws/learn-ws/src/demo3/demo3_ws/build/example_topic_rclcpp -- -j8 -l8
[1.416s] [35m[1mScanning dependencies of target topic_publisher_01[0m
[1.447s] [ 50%] [32mBuilding CXX object CMakeFiles/topic_publisher_01.dir/src/topic_publisher_01.cpp.o[0m
[2.915s] [100%] [32m[1mLinking CXX executable topic_publisher_01[0m
[3.015s] [100%] Built target topic_publisher_01
[3.027s] Invoked command in '/home/htc/robot-ws/learn-ws/src/demo3/demo3_ws/build/example_topic_rclcpp' returned '0': CMAKE_PREFIX_PATH=/opt/ros/foxy /usr/bin/cmake --build /home/htc/robot-ws/learn-ws/src/demo3/demo3_ws/build/example_topic_rclcpp -- -j8 -l8
[3.058s] Invoking command in '/home/htc/robot-ws/learn-ws/src/demo3/demo3_ws/build/example_topic_rclcpp': CMAKE_PREFIX_PATH=/opt/ros/foxy /usr/bin/cmake --install /home/htc/robot-ws/learn-ws/src/demo3/demo3_ws/build/example_topic_rclcpp
[3.066s] -- Install configuration: ""
[3.066s] -- Installing: /home/htc/robot-ws/learn-ws/src/demo3/demo3_ws/install/example_topic_rclcpp/share/ament_index/resource_index/package_run_dependencies/example_topic_rclcpp
[3.066s] -- Installing: /home/htc/robot-ws/learn-ws/src/demo3/demo3_ws/install/example_topic_rclcpp/share/ament_index/resource_index/parent_prefix_path/example_topic_rclcpp
[3.067s] -- Installing: /home/htc/robot-ws/learn-ws/src/demo3/demo3_ws/install/example_topic_rclcpp/share/example_topic_rclcpp/environment/ament_prefix_path.sh
[3.067s] -- Installing: /home/htc/robot-ws/learn-ws/src/demo3/demo3_ws/install/example_topic_rclcpp/share/example_topic_rclcpp/environment/ament_prefix_path.dsv
[3.067s] -- Installing: /home/htc/robot-ws/learn-ws/src/demo3/demo3_ws/install/example_topic_rclcpp/share/example_topic_rclcpp/environment/path.sh
[3.067s] -- Installing: /home/htc/robot-ws/learn-ws/src/demo3/demo3_ws/install/example_topic_rclcpp/share/example_topic_rclcpp/environment/path.dsv
[3.067s] -- Installing: /home/htc/robot-ws/learn-ws/src/demo3/demo3_ws/install/example_topic_rclcpp/share/example_topic_rclcpp/local_setup.bash
[3.067s] -- Installing: /home/htc/robot-ws/learn-ws/src/demo3/demo3_ws/install/example_topic_rclcpp/share/example_topic_rclcpp/local_setup.sh
[3.067s] -- Installing: /home/htc/robot-ws/learn-ws/src/demo3/demo3_ws/install/example_topic_rclcpp/share/example_topic_rclcpp/local_setup.zsh
[3.068s] -- Installing: /home/htc/robot-ws/learn-ws/src/demo3/demo3_ws/install/example_topic_rclcpp/share/example_topic_rclcpp/local_setup.dsv
[3.068s] -- Installing: /home/htc/robot-ws/learn-ws/src/demo3/demo3_ws/install/example_topic_rclcpp/share/example_topic_rclcpp/package.dsv
[3.068s] -- Installing: /home/htc/robot-ws/learn-ws/src/demo3/demo3_ws/install/example_topic_rclcpp/share/ament_index/resource_index/packages/example_topic_rclcpp
[3.068s] -- Installing: /home/htc/robot-ws/learn-ws/src/demo3/demo3_ws/install/example_topic_rclcpp/share/example_topic_rclcpp/cmake/example_topic_rclcppConfig.cmake
[3.068s] -- Installing: /home/htc/robot-ws/learn-ws/src/demo3/demo3_ws/install/example_topic_rclcpp/share/example_topic_rclcpp/cmake/example_topic_rclcppConfig-version.cmake
[3.068s] -- Installing: /home/htc/robot-ws/learn-ws/src/demo3/demo3_ws/install/example_topic_rclcpp/share/example_topic_rclcpp/package.xml
[3.069s] -- Installing: /home/htc/robot-ws/learn-ws/src/demo3/demo3_ws/install/example_topic_rclcpp/lib/example_topic_rclcpp/topic_publisher_01
[3.069s] -- Set runtime path of "/home/htc/robot-ws/learn-ws/src/demo3/demo3_ws/install/example_topic_rclcpp/lib/example_topic_rclcpp/topic_publisher_01" to ""
[3.071s] Invoked command in '/home/htc/robot-ws/learn-ws/src/demo3/demo3_ws/build/example_topic_rclcpp' returned '0': CMAKE_PREFIX_PATH=/opt/ros/foxy /usr/bin/cmake --install /home/htc/robot-ws/learn-ws/src/demo3/demo3_ws/build/example_topic_rclcpp
