[0.270s] DEBUG:colcon:Command line arguments: ['/usr/bin/colcon', 'build', '--packages-select', 'example_cpp']
[0.270s] DEBUG:colcon:Parsed command line arguments: Namespace(allow_overriding=[], ament_cmake_args=None, base_paths=['.'], build_base='build', catkin_cmake_args=None, catkin_skip_building_tests=False, cmake_args=None, cmake_clean_cache=False, cmake_clean_first=False, cmake_force_configure=False, cmake_target=None, cmake_target_skip_unavailable=False, continue_on_error=False, event_handlers=None, executor='parallel', ignore_user_meta=False, install_base='install', log_base=None, log_level=None, main=<bound method BuildVerb.main of <colcon_core.verb.build.BuildVerb object at 0x7f41a617ce80>>, merge_install=False, metas=['./colcon.meta'], packages_above=None, packages_above_and_dependencies=None, packages_above_depth=None, packages_end=None, packages_ignore=None, packages_ignore_regex=None, packages_select=['example_cpp'], packages_select_build_failed=False, packages_select_by_dep=None, packages_select_regex=None, packages_select_test_failures=False, packages_skip=None, packages_skip_build_finished=False, packages_skip_by_dep=None, packages_skip_regex=None, packages_skip_test_passed=False, packages_skip_up_to=None, packages_start=None, packages_up_to=None, packages_up_to_regex=None, parallel_workers=8, paths=None, symlink_install=False, test_result_base=None, verb_extension=<colcon_core.verb.build.BuildVerb object at 0x7f41a617ce80>, verb_name='build', verb_parser=<colcon_defaults.argument_parser.defaults.DefaultArgumentsDecorator object at 0x7f41a6189430>)
[0.293s] Level 1:colcon.colcon_core.package_discovery:discover_packages(colcon_meta) check parameters
[0.293s] Level 1:colcon.colcon_core.package_discovery:discover_packages(recursive) check parameters
[0.294s] Level 1:colcon.colcon_core.package_discovery:discover_packages(ignore) check parameters
[0.294s] Level 1:colcon.colcon_core.package_discovery:discover_packages(path) check parameters
[0.294s] Level 1:colcon.colcon_core.package_discovery:discover_packages(colcon_meta) discover
[0.294s] Level 1:colcon.colcon_core.package_discovery:discover_packages(recursive) discover
[0.294s] INFO:colcon.colcon_core.package_discovery:Crawling recursively for packages in '/home/htc/robot-ws/learn-ws/src/demo2/demo2_ws'
[0.294s] Level 1:colcon.colcon_core.package_identification:_identify(.) by extensions ['ignore', 'ignore_ament_install']
[0.294s] Level 1:colcon.colcon_core.package_identification:_identify(.) by extension 'ignore'
[0.294s] Level 1:colcon.colcon_core.package_identification:_identify(.) by extension 'ignore_ament_install'
[0.294s] Level 1:colcon.colcon_core.package_identification:_identify(.) by extensions ['colcon_pkg']
[0.294s] Level 1:colcon.colcon_core.package_identification:_identify(.) by extension 'colcon_pkg'
[0.294s] Level 1:colcon.colcon_core.package_identification:_identify(.) by extensions ['colcon_meta']
[0.294s] Level 1:colcon.colcon_core.package_identification:_identify(.) by extension 'colcon_meta'
[0.294s] Level 1:colcon.colcon_core.package_identification:_identify(.) by extensions ['ros']
[0.294s] Level 1:colcon.colcon_core.package_identification:_identify(.) by extension 'ros'
[0.311s] Level 1:colcon.colcon_core.package_identification:_identify(.) by extensions ['cmake', 'python']
[0.311s] Level 1:colcon.colcon_core.package_identification:_identify(.) by extension 'cmake'
[0.311s] Level 1:colcon.colcon_core.package_identification:_identify(.) by extension 'python'
[0.311s] Level 1:colcon.colcon_core.package_identification:_identify(.) by extensions ['python_setup_py']
[0.311s] Level 1:colcon.colcon_core.package_identification:_identify(.) by extension 'python_setup_py'
[0.311s] Level 1:colcon.colcon_core.package_identification:_identify(build) by extensions ['ignore', 'ignore_ament_install']
[0.311s] Level 1:colcon.colcon_core.package_identification:_identify(build) by extension 'ignore'
[0.311s] Level 1:colcon.colcon_core.package_identification:_identify(build) ignored
[0.312s] Level 1:colcon.colcon_core.package_identification:_identify(install) by extensions ['ignore', 'ignore_ament_install']
[0.312s] Level 1:colcon.colcon_core.package_identification:_identify(install) by extension 'ignore'
[0.312s] Level 1:colcon.colcon_core.package_identification:_identify(install) ignored
[0.312s] Level 1:colcon.colcon_core.package_identification:_identify(log) by extensions ['ignore', 'ignore_ament_install']
[0.312s] Level 1:colcon.colcon_core.package_identification:_identify(log) by extension 'ignore'
[0.312s] Level 1:colcon.colcon_core.package_identification:_identify(log) ignored
[0.312s] Level 1:colcon.colcon_core.package_identification:_identify(src) by extensions ['ignore', 'ignore_ament_install']
[0.312s] Level 1:colcon.colcon_core.package_identification:_identify(src) by extension 'ignore'
[0.312s] Level 1:colcon.colcon_core.package_identification:_identify(src) by extension 'ignore_ament_install'
[0.312s] Level 1:colcon.colcon_core.package_identification:_identify(src) by extensions ['colcon_pkg']
[0.312s] Level 1:colcon.colcon_core.package_identification:_identify(src) by extension 'colcon_pkg'
[0.312s] Level 1:colcon.colcon_core.package_identification:_identify(src) by extensions ['colcon_meta']
[0.313s] Level 1:colcon.colcon_core.package_identification:_identify(src) by extension 'colcon_meta'
[0.313s] Level 1:colcon.colcon_core.package_identification:_identify(src) by extensions ['ros']
[0.313s] Level 1:colcon.colcon_core.package_identification:_identify(src) by extension 'ros'
[0.313s] Level 1:colcon.colcon_core.package_identification:_identify(src) by extensions ['cmake', 'python']
[0.313s] Level 1:colcon.colcon_core.package_identification:_identify(src) by extension 'cmake'
[0.313s] Level 1:colcon.colcon_core.package_identification:_identify(src) by extension 'python'
[0.313s] Level 1:colcon.colcon_core.package_identification:_identify(src) by extensions ['python_setup_py']
[0.313s] Level 1:colcon.colcon_core.package_identification:_identify(src) by extension 'python_setup_py'
[0.313s] Level 1:colcon.colcon_core.package_identification:_identify(src/example_cpp) by extensions ['ignore', 'ignore_ament_install']
[0.313s] Level 1:colcon.colcon_core.package_identification:_identify(src/example_cpp) by extension 'ignore'
[0.313s] Level 1:colcon.colcon_core.package_identification:_identify(src/example_cpp) by extension 'ignore_ament_install'
[0.313s] Level 1:colcon.colcon_core.package_identification:_identify(src/example_cpp) by extensions ['colcon_pkg']
[0.313s] Level 1:colcon.colcon_core.package_identification:_identify(src/example_cpp) by extension 'colcon_pkg'
[0.314s] Level 1:colcon.colcon_core.package_identification:_identify(src/example_cpp) by extensions ['colcon_meta']
[0.314s] Level 1:colcon.colcon_core.package_identification:_identify(src/example_cpp) by extension 'colcon_meta'
[0.314s] Level 1:colcon.colcon_core.package_identification:_identify(src/example_cpp) by extensions ['ros']
[0.314s] Level 1:colcon.colcon_core.package_identification:_identify(src/example_cpp) by extension 'ros'
[0.316s] DEBUG:colcon.colcon_core.package_identification:Package 'src/example_cpp' with type 'ros.ament_cmake' and name 'example_cpp'
[0.316s] Level 1:colcon.colcon_core.package_identification:_identify(src/example_py) by extensions ['ignore', 'ignore_ament_install']
[0.316s] Level 1:colcon.colcon_core.package_identification:_identify(src/example_py) by extension 'ignore'
[0.316s] Level 1:colcon.colcon_core.package_identification:_identify(src/example_py) by extension 'ignore_ament_install'
[0.316s] Level 1:colcon.colcon_core.package_identification:_identify(src/example_py) by extensions ['colcon_pkg']
[0.316s] Level 1:colcon.colcon_core.package_identification:_identify(src/example_py) by extension 'colcon_pkg'
[0.316s] Level 1:colcon.colcon_core.package_identification:_identify(src/example_py) by extensions ['colcon_meta']
[0.316s] Level 1:colcon.colcon_core.package_identification:_identify(src/example_py) by extension 'colcon_meta'
[0.316s] Level 1:colcon.colcon_core.package_identification:_identify(src/example_py) by extensions ['ros']
[0.316s] Level 1:colcon.colcon_core.package_identification:_identify(src/example_py) by extension 'ros'
[0.317s] DEBUG:colcon.colcon_core.package_identification:Package 'src/example_py' with type 'ros.ament_python' and name 'example_py'
[0.317s] Level 1:colcon.colcon_core.package_discovery:discover_packages(recursive) using defaults
[0.317s] Level 1:colcon.colcon_core.package_discovery:discover_packages(ignore) discover
[0.317s] Level 1:colcon.colcon_core.package_discovery:discover_packages(ignore) using defaults
[0.317s] Level 1:colcon.colcon_core.package_discovery:discover_packages(path) discover
[0.317s] Level 1:colcon.colcon_core.package_discovery:discover_packages(path) using defaults
[0.334s] INFO:colcon.colcon_core.package_selection:Skipping not selected package 'example_py' in 'src/example_py'
[0.335s] Level 1:colcon.colcon_core.package_discovery:discover_packages(prefix_path) check parameters
[0.335s] Level 1:colcon.colcon_core.package_discovery:discover_packages(prefix_path) discover
[0.338s] DEBUG:colcon.colcon_installed_package_information.package_discovery:Found 2 installed packages in /home/htc/robot-ws/learn-ws/src/demo2/demo2_ws/install
[0.339s] DEBUG:colcon.colcon_installed_package_information.package_discovery:Found 16 installed packages in /home/htc/robot-ws/learn-ws/src/demo2/colcon_test_ws/install
[0.341s] DEBUG:colcon.colcon_installed_package_information.package_discovery:Found 372 installed packages in /opt/ros/foxy
[0.344s] Level 1:colcon.colcon_core.package_discovery:discover_packages(prefix_path) using defaults
[0.416s] Level 5:colcon.colcon_core.verb:set package 'example_cpp' build argument 'cmake_args' from command line to 'None'
[0.416s] Level 5:colcon.colcon_core.verb:set package 'example_cpp' build argument 'cmake_target' from command line to 'None'
[0.416s] Level 5:colcon.colcon_core.verb:set package 'example_cpp' build argument 'cmake_target_skip_unavailable' from command line to 'False'
[0.416s] Level 5:colcon.colcon_core.verb:set package 'example_cpp' build argument 'cmake_clean_cache' from command line to 'False'
[0.416s] Level 5:colcon.colcon_core.verb:set package 'example_cpp' build argument 'cmake_clean_first' from command line to 'False'
[0.416s] Level 5:colcon.colcon_core.verb:set package 'example_cpp' build argument 'cmake_force_configure' from command line to 'False'
[0.416s] Level 5:colcon.colcon_core.verb:set package 'example_cpp' build argument 'ament_cmake_args' from command line to 'None'
[0.416s] Level 5:colcon.colcon_core.verb:set package 'example_cpp' build argument 'catkin_cmake_args' from command line to 'None'
[0.416s] Level 5:colcon.colcon_core.verb:set package 'example_cpp' build argument 'catkin_skip_building_tests' from command line to 'False'
[0.416s] DEBUG:colcon.colcon_core.verb:Building package 'example_cpp' with the following arguments: {'ament_cmake_args': None, 'build_base': '/home/htc/robot-ws/learn-ws/src/demo2/demo2_ws/build/example_cpp', 'catkin_cmake_args': None, 'catkin_skip_building_tests': False, 'cmake_args': None, 'cmake_clean_cache': False, 'cmake_clean_first': False, 'cmake_force_configure': False, 'cmake_target': None, 'cmake_target_skip_unavailable': False, 'install_base': '/home/htc/robot-ws/learn-ws/src/demo2/demo2_ws/install/example_cpp', 'merge_install': False, 'path': '/home/htc/robot-ws/learn-ws/src/demo2/demo2_ws/src/example_cpp', 'symlink_install': False, 'test_result_base': None}
[0.417s] INFO:colcon.colcon_core.executor:Executing jobs using 'parallel' executor
[0.420s] DEBUG:colcon.colcon_parallel_executor.executor.parallel:run_until_complete
[0.420s] INFO:colcon.colcon_ros.task.ament_cmake.build:Building ROS package in '/home/htc/robot-ws/learn-ws/src/demo2/demo2_ws/src/example_cpp' with build type 'ament_cmake'
[0.421s] INFO:colcon.colcon_cmake.task.cmake.build:Building CMake package in '/home/htc/robot-ws/learn-ws/src/demo2/demo2_ws/src/example_cpp'
[0.424s] INFO:colcon.colcon_core.plugin_system:Skipping extension 'colcon_core.shell.bat': Not used on non-Windows systems
[0.425s] INFO:colcon.colcon_core.shell:Skip shell extension 'powershell' for command environment: Not usable outside of PowerShell
[0.425s] DEBUG:colcon.colcon_core.shell:Skip shell extension 'dsv' for command environment
[0.437s] DEBUG:colcon.colcon_core.event_handler.log_command:Invoking command in '/home/htc/robot-ws/learn-ws/src/demo2/demo2_ws/build/example_cpp': CMAKE_PREFIX_PATH=${CMAKE_PREFIX_PATH}:/home/htc/robot-ws/learn-ws/src/demo2/demo2_ws/install/example_py:/home/htc/robot-ws/learn-ws/src/demo2/colcon_test_ws/install/examples_rclpy_minimal_subscriber:/home/htc/robot-ws/learn-ws/src/demo2/colcon_test_ws/install/examples_rclpy_minimal_service:/home/htc/robot-ws/learn-ws/src/demo2/colcon_test_ws/install/examples_rclpy_minimal_publisher:/home/htc/robot-ws/learn-ws/src/demo2/colcon_test_ws/install/examples_rclpy_minimal_client:/home/htc/robot-ws/learn-ws/src/demo2/colcon_test_ws/install/examples_rclpy_minimal_action_server:/home/htc/robot-ws/learn-ws/src/demo2/colcon_test_ws/install/examples_rclpy_minimal_action_client:/home/htc/robot-ws/learn-ws/src/demo2/colcon_test_ws/install/examples_rclpy_executors:/opt/ros/foxy /usr/bin/cmake --build /home/htc/robot-ws/learn-ws/src/demo2/demo2_ws/build/example_cpp -- -j8 -l8
[2.669s] DEBUG:colcon.colcon_core.event_handler.log_command:Invoked command in '/home/htc/robot-ws/learn-ws/src/demo2/demo2_ws/build/example_cpp' returned '0': CMAKE_PREFIX_PATH=${CMAKE_PREFIX_PATH}:/home/htc/robot-ws/learn-ws/src/demo2/demo2_ws/install/example_py:/home/htc/robot-ws/learn-ws/src/demo2/colcon_test_ws/install/examples_rclpy_minimal_subscriber:/home/htc/robot-ws/learn-ws/src/demo2/colcon_test_ws/install/examples_rclpy_minimal_service:/home/htc/robot-ws/learn-ws/src/demo2/colcon_test_ws/install/examples_rclpy_minimal_publisher:/home/htc/robot-ws/learn-ws/src/demo2/colcon_test_ws/install/examples_rclpy_minimal_client:/home/htc/robot-ws/learn-ws/src/demo2/colcon_test_ws/install/examples_rclpy_minimal_action_server:/home/htc/robot-ws/learn-ws/src/demo2/colcon_test_ws/install/examples_rclpy_minimal_action_client:/home/htc/robot-ws/learn-ws/src/demo2/colcon_test_ws/install/examples_rclpy_executors:/opt/ros/foxy /usr/bin/cmake --build /home/htc/robot-ws/learn-ws/src/demo2/demo2_ws/build/example_cpp -- -j8 -l8
[2.704s] DEBUG:colcon.colcon_core.event_handler.log_command:Invoking command in '/home/htc/robot-ws/learn-ws/src/demo2/demo2_ws/build/example_cpp': CMAKE_PREFIX_PATH=${CMAKE_PREFIX_PATH}:/home/htc/robot-ws/learn-ws/src/demo2/demo2_ws/install/example_py:/home/htc/robot-ws/learn-ws/src/demo2/colcon_test_ws/install/examples_rclpy_minimal_subscriber:/home/htc/robot-ws/learn-ws/src/demo2/colcon_test_ws/install/examples_rclpy_minimal_service:/home/htc/robot-ws/learn-ws/src/demo2/colcon_test_ws/install/examples_rclpy_minimal_publisher:/home/htc/robot-ws/learn-ws/src/demo2/colcon_test_ws/install/examples_rclpy_minimal_client:/home/htc/robot-ws/learn-ws/src/demo2/colcon_test_ws/install/examples_rclpy_minimal_action_server:/home/htc/robot-ws/learn-ws/src/demo2/colcon_test_ws/install/examples_rclpy_minimal_action_client:/home/htc/robot-ws/learn-ws/src/demo2/colcon_test_ws/install/examples_rclpy_executors:/opt/ros/foxy /usr/bin/cmake --install /home/htc/robot-ws/learn-ws/src/demo2/demo2_ws/build/example_cpp
[2.715s] Level 1:colcon.colcon_core.environment:create_environment_scripts_only(example_cpp)
[2.716s] DEBUG:colcon.colcon_core.event_handler.log_command:Invoked command in '/home/htc/robot-ws/learn-ws/src/demo2/demo2_ws/build/example_cpp' returned '0': CMAKE_PREFIX_PATH=${CMAKE_PREFIX_PATH}:/home/htc/robot-ws/learn-ws/src/demo2/demo2_ws/install/example_py:/home/htc/robot-ws/learn-ws/src/demo2/colcon_test_ws/install/examples_rclpy_minimal_subscriber:/home/htc/robot-ws/learn-ws/src/demo2/colcon_test_ws/install/examples_rclpy_minimal_service:/home/htc/robot-ws/learn-ws/src/demo2/colcon_test_ws/install/examples_rclpy_minimal_publisher:/home/htc/robot-ws/learn-ws/src/demo2/colcon_test_ws/install/examples_rclpy_minimal_client:/home/htc/robot-ws/learn-ws/src/demo2/colcon_test_ws/install/examples_rclpy_minimal_action_server:/home/htc/robot-ws/learn-ws/src/demo2/colcon_test_ws/install/examples_rclpy_minimal_action_client:/home/htc/robot-ws/learn-ws/src/demo2/colcon_test_ws/install/examples_rclpy_executors:/opt/ros/foxy /usr/bin/cmake --install /home/htc/robot-ws/learn-ws/src/demo2/demo2_ws/build/example_cpp
[2.720s] Level 1:colcon.colcon_core.environment:checking '/home/htc/robot-ws/learn-ws/src/demo2/demo2_ws/install/example_cpp' for CMake module files
[2.720s] Level 1:colcon.colcon_core.environment:checking '/home/htc/robot-ws/learn-ws/src/demo2/demo2_ws/install/example_cpp' for CMake config files
[2.721s] Level 1:colcon.colcon_core.shell:create_environment_hook('example_cpp', 'cmake_prefix_path')
[2.722s] INFO:colcon.colcon_core.shell:Creating environment hook '/home/htc/robot-ws/learn-ws/src/demo2/demo2_ws/install/example_cpp/share/example_cpp/hook/cmake_prefix_path.ps1'
[2.722s] INFO:colcon.colcon_core.shell:Creating environment descriptor '/home/htc/robot-ws/learn-ws/src/demo2/demo2_ws/install/example_cpp/share/example_cpp/hook/cmake_prefix_path.dsv'
[2.723s] INFO:colcon.colcon_core.shell:Creating environment hook '/home/htc/robot-ws/learn-ws/src/demo2/demo2_ws/install/example_cpp/share/example_cpp/hook/cmake_prefix_path.sh'
[2.724s] Level 1:colcon.colcon_core.environment:checking '/home/htc/robot-ws/learn-ws/src/demo2/demo2_ws/install/example_cpp/lib'
[2.724s] Level 1:colcon.colcon_core.environment:checking '/home/htc/robot-ws/learn-ws/src/demo2/demo2_ws/install/example_cpp/bin'
[2.724s] Level 1:colcon.colcon_core.environment:checking '/home/htc/robot-ws/learn-ws/src/demo2/demo2_ws/install/example_cpp/lib/pkgconfig/example_cpp.pc'
[2.724s] Level 1:colcon.colcon_core.environment:checking '/home/htc/robot-ws/learn-ws/src/demo2/demo2_ws/install/example_cpp/lib/python3.8/site-packages'
[2.724s] Level 1:colcon.colcon_core.environment:checking '/home/htc/robot-ws/learn-ws/src/demo2/demo2_ws/install/example_cpp/bin'
[2.726s] INFO:colcon.colcon_core.shell:Creating package script '/home/htc/robot-ws/learn-ws/src/demo2/demo2_ws/install/example_cpp/share/example_cpp/package.ps1'
[2.727s] INFO:colcon.colcon_core.shell:Creating package descriptor '/home/htc/robot-ws/learn-ws/src/demo2/demo2_ws/install/example_cpp/share/example_cpp/package.dsv'
[2.727s] INFO:colcon.colcon_core.shell:Creating package script '/home/htc/robot-ws/learn-ws/src/demo2/demo2_ws/install/example_cpp/share/example_cpp/package.sh'
[2.728s] INFO:colcon.colcon_core.shell:Creating package script '/home/htc/robot-ws/learn-ws/src/demo2/demo2_ws/install/example_cpp/share/example_cpp/package.bash'
[2.728s] INFO:colcon.colcon_core.shell:Creating package script '/home/htc/robot-ws/learn-ws/src/demo2/demo2_ws/install/example_cpp/share/example_cpp/package.zsh'
[2.729s] Level 1:colcon.colcon_core.environment:create_file_with_runtime_dependencies(/home/htc/robot-ws/learn-ws/src/demo2/demo2_ws/install/example_cpp/share/colcon-core/packages/example_cpp)
[2.754s] Level 1:colcon.colcon_core.environment:create_environment_scripts_only(example_cpp)
[2.756s] Level 1:colcon.colcon_core.environment:checking '/home/htc/robot-ws/learn-ws/src/demo2/demo2_ws/install/example_cpp' for CMake module files
[2.756s] Level 1:colcon.colcon_core.environment:checking '/home/htc/robot-ws/learn-ws/src/demo2/demo2_ws/install/example_cpp' for CMake config files
[2.756s] Level 1:colcon.colcon_core.shell:create_environment_hook('example_cpp', 'cmake_prefix_path')
[2.758s] INFO:colcon.colcon_core.shell:Creating environment hook '/home/htc/robot-ws/learn-ws/src/demo2/demo2_ws/install/example_cpp/share/example_cpp/hook/cmake_prefix_path.ps1'
[2.758s] INFO:colcon.colcon_core.shell:Creating environment descriptor '/home/htc/robot-ws/learn-ws/src/demo2/demo2_ws/install/example_cpp/share/example_cpp/hook/cmake_prefix_path.dsv'
[2.758s] INFO:colcon.colcon_core.shell:Creating environment hook '/home/htc/robot-ws/learn-ws/src/demo2/demo2_ws/install/example_cpp/share/example_cpp/hook/cmake_prefix_path.sh'
[2.759s] Level 1:colcon.colcon_core.environment:checking '/home/htc/robot-ws/learn-ws/src/demo2/demo2_ws/install/example_cpp/lib'
[2.759s] Level 1:colcon.colcon_core.environment:checking '/home/htc/robot-ws/learn-ws/src/demo2/demo2_ws/install/example_cpp/bin'
[2.759s] Level 1:colcon.colcon_core.environment:checking '/home/htc/robot-ws/learn-ws/src/demo2/demo2_ws/install/example_cpp/lib/pkgconfig/example_cpp.pc'
[2.759s] Level 1:colcon.colcon_core.environment:checking '/home/htc/robot-ws/learn-ws/src/demo2/demo2_ws/install/example_cpp/lib/python3.8/site-packages'
[2.759s] Level 1:colcon.colcon_core.environment:checking '/home/htc/robot-ws/learn-ws/src/demo2/demo2_ws/install/example_cpp/bin'
[2.760s] INFO:colcon.colcon_core.shell:Creating package script '/home/htc/robot-ws/learn-ws/src/demo2/demo2_ws/install/example_cpp/share/example_cpp/package.ps1'
[2.761s] INFO:colcon.colcon_core.shell:Creating package descriptor '/home/htc/robot-ws/learn-ws/src/demo2/demo2_ws/install/example_cpp/share/example_cpp/package.dsv'
[2.761s] INFO:colcon.colcon_core.shell:Creating package script '/home/htc/robot-ws/learn-ws/src/demo2/demo2_ws/install/example_cpp/share/example_cpp/package.sh'
[2.762s] INFO:colcon.colcon_core.shell:Creating package script '/home/htc/robot-ws/learn-ws/src/demo2/demo2_ws/install/example_cpp/share/example_cpp/package.bash'
[2.762s] INFO:colcon.colcon_core.shell:Creating package script '/home/htc/robot-ws/learn-ws/src/demo2/demo2_ws/install/example_cpp/share/example_cpp/package.zsh'
[2.762s] Level 1:colcon.colcon_core.environment:create_file_with_runtime_dependencies(/home/htc/robot-ws/learn-ws/src/demo2/demo2_ws/install/example_cpp/share/colcon-core/packages/example_cpp)
[2.762s] DEBUG:colcon.colcon_parallel_executor.executor.parallel:closing loop
[2.763s] DEBUG:colcon.colcon_parallel_executor.executor.parallel:loop closed
[2.763s] DEBUG:colcon.colcon_parallel_executor.executor.parallel:run_until_complete finished with '0'
[2.763s] DEBUG:colcon.colcon_core.event_reactor:joining thread
[2.768s] INFO:colcon.colcon_core.plugin_system:Skipping extension 'colcon_notification.desktop_notification.terminal_notifier': Not used on non-Darwin systems
[2.769s] INFO:colcon.colcon_core.plugin_system:Skipping extension 'colcon_notification.desktop_notification.win32': Not used on non-Windows systems
[2.769s] INFO:colcon.colcon_notification.desktop_notification:Sending desktop notification using 'notify2'
[2.781s] DEBUG:colcon.colcon_core.event_reactor:joined thread
[2.782s] INFO:colcon.colcon_core.shell:Creating prefix script '/home/htc/robot-ws/learn-ws/src/demo2/demo2_ws/install/local_setup.ps1'
[2.783s] INFO:colcon.colcon_core.shell:Creating prefix util module '/home/htc/robot-ws/learn-ws/src/demo2/demo2_ws/install/_local_setup_util_ps1.py'
[2.784s] INFO:colcon.colcon_core.shell:Creating prefix chain script '/home/htc/robot-ws/learn-ws/src/demo2/demo2_ws/install/setup.ps1'
[2.787s] INFO:colcon.colcon_core.shell:Creating prefix script '/home/htc/robot-ws/learn-ws/src/demo2/demo2_ws/install/local_setup.sh'
[2.789s] INFO:colcon.colcon_core.shell:Creating prefix util module '/home/htc/robot-ws/learn-ws/src/demo2/demo2_ws/install/_local_setup_util_sh.py'
[2.789s] INFO:colcon.colcon_core.shell:Creating prefix chain script '/home/htc/robot-ws/learn-ws/src/demo2/demo2_ws/install/setup.sh'
[2.791s] INFO:colcon.colcon_core.shell:Creating prefix script '/home/htc/robot-ws/learn-ws/src/demo2/demo2_ws/install/local_setup.bash'
[2.791s] INFO:colcon.colcon_core.shell:Creating prefix chain script '/home/htc/robot-ws/learn-ws/src/demo2/demo2_ws/install/setup.bash'
[2.793s] INFO:colcon.colcon_core.shell:Creating prefix script '/home/htc/robot-ws/learn-ws/src/demo2/demo2_ws/install/local_setup.zsh'
[2.794s] INFO:colcon.colcon_core.shell:Creating prefix chain script '/home/htc/robot-ws/learn-ws/src/demo2/demo2_ws/install/setup.zsh'
