[0.015s] Invoking command in '/home/htc/robot-ws/learn-ws/src/demo3/demo3_ws/build/example_topic_rclcpp': CMAKE_PREFIX_PATH=${CMAKE_PREFIX_PATH}:/opt/ros/foxy /usr/bin/cmake --build /home/htc/robot-ws/learn-ws/src/demo3/demo3_ws/build/example_topic_rclcpp -- -j8 -l8
[0.053s] [35m[1mScanning dependencies of target topic_subscribe_01[0m
[0.072s] [ 50%] Built target topic_publisher_01
[0.084s] [ 75%] [32mBuilding CXX object CMakeFiles/topic_subscribe_01.dir/src/topic_subscribe_01.cpp.o[0m
[4.128s] [100%] [32m[1mLinking CXX executable topic_subscribe_01[0m
[4.361s] [100%] Built target topic_subscribe_01
[4.372s] Invoked command in '/home/htc/robot-ws/learn-ws/src/demo3/demo3_ws/build/example_topic_rclcpp' returned '0': CMAKE_PREFIX_PATH=${CMAKE_PREFIX_PATH}:/opt/ros/foxy /usr/bin/cmake --build /home/htc/robot-ws/learn-ws/src/demo3/demo3_ws/build/example_topic_rclcpp -- -j8 -l8
[4.409s] Invoking command in '/home/htc/robot-ws/learn-ws/src/demo3/demo3_ws/build/example_topic_rclcpp': CMAKE_PREFIX_PATH=${CMAKE_PREFIX_PATH}:/opt/ros/foxy /usr/bin/cmake --install /home/htc/robot-ws/learn-ws/src/demo3/demo3_ws/build/example_topic_rclcpp
[4.416s] -- Install configuration: ""
[4.416s] -- Up-to-date: /home/htc/robot-ws/learn-ws/src/demo3/demo3_ws/install/example_topic_rclcpp/share/ament_index/resource_index/package_run_dependencies/example_topic_rclcpp
[4.417s] -- Up-to-date: /home/htc/robot-ws/learn-ws/src/demo3/demo3_ws/install/example_topic_rclcpp/share/ament_index/resource_index/parent_prefix_path/example_topic_rclcpp
[4.417s] -- Up-to-date: /home/htc/robot-ws/learn-ws/src/demo3/demo3_ws/install/example_topic_rclcpp/share/example_topic_rclcpp/environment/ament_prefix_path.sh
[4.417s] -- Up-to-date: /home/htc/robot-ws/learn-ws/src/demo3/demo3_ws/install/example_topic_rclcpp/share/example_topic_rclcpp/environment/ament_prefix_path.dsv
[4.417s] -- Up-to-date: /home/htc/robot-ws/learn-ws/src/demo3/demo3_ws/install/example_topic_rclcpp/share/example_topic_rclcpp/environment/path.sh
[4.417s] -- Up-to-date: /home/htc/robot-ws/learn-ws/src/demo3/demo3_ws/install/example_topic_rclcpp/share/example_topic_rclcpp/environment/path.dsv
[4.417s] -- Up-to-date: /home/htc/robot-ws/learn-ws/src/demo3/demo3_ws/install/example_topic_rclcpp/share/example_topic_rclcpp/local_setup.bash
[4.417s] -- Up-to-date: /home/htc/robot-ws/learn-ws/src/demo3/demo3_ws/install/example_topic_rclcpp/share/example_topic_rclcpp/local_setup.sh
[4.417s] -- Up-to-date: /home/htc/robot-ws/learn-ws/src/demo3/demo3_ws/install/example_topic_rclcpp/share/example_topic_rclcpp/local_setup.zsh
[4.417s] -- Up-to-date: /home/htc/robot-ws/learn-ws/src/demo3/demo3_ws/install/example_topic_rclcpp/share/example_topic_rclcpp/local_setup.dsv
[4.418s] -- Installing: /home/htc/robot-ws/learn-ws/src/demo3/demo3_ws/install/example_topic_rclcpp/share/example_topic_rclcpp/package.dsv
[4.418s] -- Up-to-date: /home/htc/robot-ws/learn-ws/src/demo3/demo3_ws/install/example_topic_rclcpp/share/ament_index/resource_index/packages/example_topic_rclcpp
[4.418s] -- Up-to-date: /home/htc/robot-ws/learn-ws/src/demo3/demo3_ws/install/example_topic_rclcpp/share/example_topic_rclcpp/cmake/example_topic_rclcppConfig.cmake
[4.418s] -- Up-to-date: /home/htc/robot-ws/learn-ws/src/demo3/demo3_ws/install/example_topic_rclcpp/share/example_topic_rclcpp/cmake/example_topic_rclcppConfig-version.cmake
[4.418s] -- Up-to-date: /home/htc/robot-ws/learn-ws/src/demo3/demo3_ws/install/example_topic_rclcpp/share/example_topic_rclcpp/package.xml
[4.418s] -- Up-to-date: /home/htc/robot-ws/learn-ws/src/demo3/demo3_ws/install/example_topic_rclcpp/lib/example_topic_rclcpp/topic_publisher_01
[4.418s] -- Installing: /home/htc/robot-ws/learn-ws/src/demo3/demo3_ws/install/example_topic_rclcpp/lib/example_topic_rclcpp/topic_subscribe_01
[4.419s] -- Set runtime path of "/home/htc/robot-ws/learn-ws/src/demo3/demo3_ws/install/example_topic_rclcpp/lib/example_topic_rclcpp/topic_subscribe_01" to ""
[4.423s] Invoked command in '/home/htc/robot-ws/learn-ws/src/demo3/demo3_ws/build/example_topic_rclcpp' returned '0': CMAKE_PREFIX_PATH=${CMAKE_PREFIX_PATH}:/opt/ros/foxy /usr/bin/cmake --install /home/htc/robot-ws/learn-ws/src/demo3/demo3_ws/build/example_topic_rclcpp
