[0.262s] DEBUG:colcon:Command line arguments: ['/usr/bin/colcon', 'build', '--packages-select', 'example_topic_rclcpp']
[0.262s] DEBUG:colcon:Parsed command line arguments: Namespace(allow_overriding=[], ament_cmake_args=None, base_paths=['.'], build_base='build', catkin_cmake_args=None, catkin_skip_building_tests=False, cmake_args=None, cmake_clean_cache=False, cmake_clean_first=False, cmake_force_configure=False, cmake_target=None, cmake_target_skip_unavailable=False, continue_on_error=False, event_handlers=None, executor='parallel', ignore_user_meta=False, install_base='install', log_base=None, log_level=None, main=<bound method BuildVerb.main of <colcon_core.verb.build.BuildVerb object at 0x7fe3b22303a0>>, merge_install=False, metas=['./colcon.meta'], packages_above=None, packages_above_and_dependencies=None, packages_above_depth=None, packages_end=None, packages_ignore=None, packages_ignore_regex=None, packages_select=['example_topic_rclcpp'], packages_select_build_failed=False, packages_select_by_dep=None, packages_select_regex=None, packages_select_test_failures=False, packages_skip=None, packages_skip_build_finished=False, packages_skip_by_dep=None, packages_skip_regex=None, packages_skip_test_passed=False, packages_skip_up_to=None, packages_start=None, packages_up_to=None, packages_up_to_regex=None, parallel_workers=8, paths=None, symlink_install=False, test_result_base=None, verb_extension=<colcon_core.verb.build.BuildVerb object at 0x7fe3b22303a0>, verb_name='build', verb_parser=<colcon_defaults.argument_parser.defaults.DefaultArgumentsDecorator object at 0x7fe3b22308e0>)
[0.285s] Level 1:colcon.colcon_core.package_discovery:discover_packages(colcon_meta) check parameters
[0.285s] Level 1:colcon.colcon_core.package_discovery:discover_packages(recursive) check parameters
[0.285s] Level 1:colcon.colcon_core.package_discovery:discover_packages(ignore) check parameters
[0.285s] Level 1:colcon.colcon_core.package_discovery:discover_packages(path) check parameters
[0.285s] Level 1:colcon.colcon_core.package_discovery:discover_packages(colcon_meta) discover
[0.285s] Level 1:colcon.colcon_core.package_discovery:discover_packages(recursive) discover
[0.285s] INFO:colcon.colcon_core.package_discovery:Crawling recursively for packages in '/home/htc/robot-ws/learn-ws/src/demo3/demo3_ws'
[0.285s] Level 1:colcon.colcon_core.package_identification:_identify(.) by extensions ['ignore', 'ignore_ament_install']
[0.285s] Level 1:colcon.colcon_core.package_identification:_identify(.) by extension 'ignore'
[0.285s] Level 1:colcon.colcon_core.package_identification:_identify(.) by extension 'ignore_ament_install'
[0.285s] Level 1:colcon.colcon_core.package_identification:_identify(.) by extensions ['colcon_pkg']
[0.285s] Level 1:colcon.colcon_core.package_identification:_identify(.) by extension 'colcon_pkg'
[0.286s] Level 1:colcon.colcon_core.package_identification:_identify(.) by extensions ['colcon_meta']
[0.286s] Level 1:colcon.colcon_core.package_identification:_identify(.) by extension 'colcon_meta'
[0.286s] Level 1:colcon.colcon_core.package_identification:_identify(.) by extensions ['ros']
[0.286s] Level 1:colcon.colcon_core.package_identification:_identify(.) by extension 'ros'
[0.302s] Level 1:colcon.colcon_core.package_identification:_identify(.) by extensions ['cmake', 'python']
[0.302s] Level 1:colcon.colcon_core.package_identification:_identify(.) by extension 'cmake'
[0.302s] Level 1:colcon.colcon_core.package_identification:_identify(.) by extension 'python'
[0.302s] Level 1:colcon.colcon_core.package_identification:_identify(.) by extensions ['python_setup_py']
[0.302s] Level 1:colcon.colcon_core.package_identification:_identify(.) by extension 'python_setup_py'
[0.303s] Level 1:colcon.colcon_core.package_identification:_identify(build) by extensions ['ignore', 'ignore_ament_install']
[0.303s] Level 1:colcon.colcon_core.package_identification:_identify(build) by extension 'ignore'
[0.303s] Level 1:colcon.colcon_core.package_identification:_identify(build) ignored
[0.303s] Level 1:colcon.colcon_core.package_identification:_identify(install) by extensions ['ignore', 'ignore_ament_install']
[0.303s] Level 1:colcon.colcon_core.package_identification:_identify(install) by extension 'ignore'
[0.303s] Level 1:colcon.colcon_core.package_identification:_identify(install) ignored
[0.303s] Level 1:colcon.colcon_core.package_identification:_identify(log) by extensions ['ignore', 'ignore_ament_install']
[0.303s] Level 1:colcon.colcon_core.package_identification:_identify(log) by extension 'ignore'
[0.303s] Level 1:colcon.colcon_core.package_identification:_identify(log) ignored
[0.303s] Level 1:colcon.colcon_core.package_identification:_identify(src) by extensions ['ignore', 'ignore_ament_install']
[0.303s] Level 1:colcon.colcon_core.package_identification:_identify(src) by extension 'ignore'
[0.303s] Level 1:colcon.colcon_core.package_identification:_identify(src) by extension 'ignore_ament_install'
[0.303s] Level 1:colcon.colcon_core.package_identification:_identify(src) by extensions ['colcon_pkg']
[0.303s] Level 1:colcon.colcon_core.package_identification:_identify(src) by extension 'colcon_pkg'
[0.303s] Level 1:colcon.colcon_core.package_identification:_identify(src) by extensions ['colcon_meta']
[0.303s] Level 1:colcon.colcon_core.package_identification:_identify(src) by extension 'colcon_meta'
[0.303s] Level 1:colcon.colcon_core.package_identification:_identify(src) by extensions ['ros']
[0.303s] Level 1:colcon.colcon_core.package_identification:_identify(src) by extension 'ros'
[0.304s] Level 1:colcon.colcon_core.package_identification:_identify(src) by extensions ['cmake', 'python']
[0.304s] Level 1:colcon.colcon_core.package_identification:_identify(src) by extension 'cmake'
[0.304s] Level 1:colcon.colcon_core.package_identification:_identify(src) by extension 'python'
[0.304s] Level 1:colcon.colcon_core.package_identification:_identify(src) by extensions ['python_setup_py']
[0.304s] Level 1:colcon.colcon_core.package_identification:_identify(src) by extension 'python_setup_py'
[0.304s] Level 1:colcon.colcon_core.package_identification:_identify(src/example_topic_rclcpp) by extensions ['ignore', 'ignore_ament_install']
[0.304s] Level 1:colcon.colcon_core.package_identification:_identify(src/example_topic_rclcpp) by extension 'ignore'
[0.304s] Level 1:colcon.colcon_core.package_identification:_identify(src/example_topic_rclcpp) by extension 'ignore_ament_install'
[0.304s] Level 1:colcon.colcon_core.package_identification:_identify(src/example_topic_rclcpp) by extensions ['colcon_pkg']
[0.304s] Level 1:colcon.colcon_core.package_identification:_identify(src/example_topic_rclcpp) by extension 'colcon_pkg'
[0.304s] Level 1:colcon.colcon_core.package_identification:_identify(src/example_topic_rclcpp) by extensions ['colcon_meta']
[0.304s] Level 1:colcon.colcon_core.package_identification:_identify(src/example_topic_rclcpp) by extension 'colcon_meta'
[0.304s] Level 1:colcon.colcon_core.package_identification:_identify(src/example_topic_rclcpp) by extensions ['ros']
[0.304s] Level 1:colcon.colcon_core.package_identification:_identify(src/example_topic_rclcpp) by extension 'ros'
[0.306s] DEBUG:colcon.colcon_core.package_identification:Package 'src/example_topic_rclcpp' with type 'ros.ament_cmake' and name 'example_topic_rclcpp'
[0.306s] Level 1:colcon.colcon_core.package_discovery:discover_packages(recursive) using defaults
[0.306s] Level 1:colcon.colcon_core.package_discovery:discover_packages(ignore) discover
[0.306s] Level 1:colcon.colcon_core.package_discovery:discover_packages(ignore) using defaults
[0.306s] Level 1:colcon.colcon_core.package_discovery:discover_packages(path) discover
[0.306s] Level 1:colcon.colcon_core.package_discovery:discover_packages(path) using defaults
[0.323s] Level 1:colcon.colcon_core.package_discovery:discover_packages(prefix_path) check parameters
[0.323s] Level 1:colcon.colcon_core.package_discovery:discover_packages(prefix_path) discover
[0.326s] DEBUG:colcon.colcon_installed_package_information.package_discovery:Found 1 installed packages in /home/htc/robot-ws/learn-ws/src/demo3/demo3_ws/install
[0.328s] DEBUG:colcon.colcon_installed_package_information.package_discovery:Found 372 installed packages in /opt/ros/foxy
[0.329s] Level 1:colcon.colcon_core.package_discovery:discover_packages(prefix_path) using defaults
[0.399s] Level 5:colcon.colcon_core.verb:set package 'example_topic_rclcpp' build argument 'cmake_args' from command line to 'None'
[0.399s] Level 5:colcon.colcon_core.verb:set package 'example_topic_rclcpp' build argument 'cmake_target' from command line to 'None'
[0.399s] Level 5:colcon.colcon_core.verb:set package 'example_topic_rclcpp' build argument 'cmake_target_skip_unavailable' from command line to 'False'
[0.399s] Level 5:colcon.colcon_core.verb:set package 'example_topic_rclcpp' build argument 'cmake_clean_cache' from command line to 'False'
[0.399s] Level 5:colcon.colcon_core.verb:set package 'example_topic_rclcpp' build argument 'cmake_clean_first' from command line to 'False'
[0.399s] Level 5:colcon.colcon_core.verb:set package 'example_topic_rclcpp' build argument 'cmake_force_configure' from command line to 'False'
[0.399s] Level 5:colcon.colcon_core.verb:set package 'example_topic_rclcpp' build argument 'ament_cmake_args' from command line to 'None'
[0.399s] Level 5:colcon.colcon_core.verb:set package 'example_topic_rclcpp' build argument 'catkin_cmake_args' from command line to 'None'
[0.399s] Level 5:colcon.colcon_core.verb:set package 'example_topic_rclcpp' build argument 'catkin_skip_building_tests' from command line to 'False'
[0.399s] DEBUG:colcon.colcon_core.verb:Building package 'example_topic_rclcpp' with the following arguments: {'ament_cmake_args': None, 'build_base': '/home/htc/robot-ws/learn-ws/src/demo3/demo3_ws/build/example_topic_rclcpp', 'catkin_cmake_args': None, 'catkin_skip_building_tests': False, 'cmake_args': None, 'cmake_clean_cache': False, 'cmake_clean_first': False, 'cmake_force_configure': False, 'cmake_target': None, 'cmake_target_skip_unavailable': False, 'install_base': '/home/htc/robot-ws/learn-ws/src/demo3/demo3_ws/install/example_topic_rclcpp', 'merge_install': False, 'path': '/home/htc/robot-ws/learn-ws/src/demo3/demo3_ws/src/example_topic_rclcpp', 'symlink_install': False, 'test_result_base': None}
[0.400s] INFO:colcon.colcon_core.executor:Executing jobs using 'parallel' executor
[0.403s] DEBUG:colcon.colcon_parallel_executor.executor.parallel:run_until_complete
[0.403s] INFO:colcon.colcon_ros.task.ament_cmake.build:Building ROS package in '/home/htc/robot-ws/learn-ws/src/demo3/demo3_ws/src/example_topic_rclcpp' with build type 'ament_cmake'
[0.403s] INFO:colcon.colcon_cmake.task.cmake.build:Building CMake package in '/home/htc/robot-ws/learn-ws/src/demo3/demo3_ws/src/example_topic_rclcpp'
[0.407s] INFO:colcon.colcon_core.plugin_system:Skipping extension 'colcon_core.shell.bat': Not used on non-Windows systems
[0.407s] INFO:colcon.colcon_core.shell:Skip shell extension 'powershell' for command environment: Not usable outside of PowerShell
[0.407s] DEBUG:colcon.colcon_core.shell:Skip shell extension 'dsv' for command environment
[0.419s] DEBUG:colcon.colcon_core.event_handler.log_command:Invoking command in '/home/htc/robot-ws/learn-ws/src/demo3/demo3_ws/build/example_topic_rclcpp': CMAKE_PREFIX_PATH=${CMAKE_PREFIX_PATH}:/opt/ros/foxy /usr/bin/cmake --build /home/htc/robot-ws/learn-ws/src/demo3/demo3_ws/build/example_topic_rclcpp -- -j8 -l8
[4.776s] DEBUG:colcon.colcon_core.event_handler.log_command:Invoked command in '/home/htc/robot-ws/learn-ws/src/demo3/demo3_ws/build/example_topic_rclcpp' returned '0': CMAKE_PREFIX_PATH=${CMAKE_PREFIX_PATH}:/opt/ros/foxy /usr/bin/cmake --build /home/htc/robot-ws/learn-ws/src/demo3/demo3_ws/build/example_topic_rclcpp -- -j8 -l8
[4.812s] DEBUG:colcon.colcon_core.event_handler.log_command:Invoking command in '/home/htc/robot-ws/learn-ws/src/demo3/demo3_ws/build/example_topic_rclcpp': CMAKE_PREFIX_PATH=${CMAKE_PREFIX_PATH}:/opt/ros/foxy /usr/bin/cmake --install /home/htc/robot-ws/learn-ws/src/demo3/demo3_ws/build/example_topic_rclcpp
[4.824s] Level 1:colcon.colcon_core.environment:create_environment_scripts_only(example_topic_rclcpp)
[4.827s] DEBUG:colcon.colcon_core.event_handler.log_command:Invoked command in '/home/htc/robot-ws/learn-ws/src/demo3/demo3_ws/build/example_topic_rclcpp' returned '0': CMAKE_PREFIX_PATH=${CMAKE_PREFIX_PATH}:/opt/ros/foxy /usr/bin/cmake --install /home/htc/robot-ws/learn-ws/src/demo3/demo3_ws/build/example_topic_rclcpp
[4.830s] Level 1:colcon.colcon_core.environment:checking '/home/htc/robot-ws/learn-ws/src/demo3/demo3_ws/install/example_topic_rclcpp' for CMake module files
[4.830s] Level 1:colcon.colcon_core.environment:checking '/home/htc/robot-ws/learn-ws/src/demo3/demo3_ws/install/example_topic_rclcpp' for CMake config files
[4.831s] Level 1:colcon.colcon_core.shell:create_environment_hook('example_topic_rclcpp', 'cmake_prefix_path')
[4.832s] INFO:colcon.colcon_core.shell:Creating environment hook '/home/htc/robot-ws/learn-ws/src/demo3/demo3_ws/install/example_topic_rclcpp/share/example_topic_rclcpp/hook/cmake_prefix_path.ps1'
[4.832s] INFO:colcon.colcon_core.shell:Creating environment descriptor '/home/htc/robot-ws/learn-ws/src/demo3/demo3_ws/install/example_topic_rclcpp/share/example_topic_rclcpp/hook/cmake_prefix_path.dsv'
[4.833s] INFO:colcon.colcon_core.shell:Creating environment hook '/home/htc/robot-ws/learn-ws/src/demo3/demo3_ws/install/example_topic_rclcpp/share/example_topic_rclcpp/hook/cmake_prefix_path.sh'
[4.834s] Level 1:colcon.colcon_core.environment:checking '/home/htc/robot-ws/learn-ws/src/demo3/demo3_ws/install/example_topic_rclcpp/lib'
[4.834s] Level 1:colcon.colcon_core.environment:checking '/home/htc/robot-ws/learn-ws/src/demo3/demo3_ws/install/example_topic_rclcpp/bin'
[4.834s] Level 1:colcon.colcon_core.environment:checking '/home/htc/robot-ws/learn-ws/src/demo3/demo3_ws/install/example_topic_rclcpp/lib/pkgconfig/example_topic_rclcpp.pc'
[4.834s] Level 1:colcon.colcon_core.environment:checking '/home/htc/robot-ws/learn-ws/src/demo3/demo3_ws/install/example_topic_rclcpp/lib/python3.8/site-packages'
[4.834s] Level 1:colcon.colcon_core.environment:checking '/home/htc/robot-ws/learn-ws/src/demo3/demo3_ws/install/example_topic_rclcpp/bin'
[4.835s] INFO:colcon.colcon_core.shell:Creating package script '/home/htc/robot-ws/learn-ws/src/demo3/demo3_ws/install/example_topic_rclcpp/share/example_topic_rclcpp/package.ps1'
[4.836s] INFO:colcon.colcon_core.shell:Creating package descriptor '/home/htc/robot-ws/learn-ws/src/demo3/demo3_ws/install/example_topic_rclcpp/share/example_topic_rclcpp/package.dsv'
[4.837s] INFO:colcon.colcon_core.shell:Creating package script '/home/htc/robot-ws/learn-ws/src/demo3/demo3_ws/install/example_topic_rclcpp/share/example_topic_rclcpp/package.sh'
[4.837s] INFO:colcon.colcon_core.shell:Creating package script '/home/htc/robot-ws/learn-ws/src/demo3/demo3_ws/install/example_topic_rclcpp/share/example_topic_rclcpp/package.bash'
[4.838s] INFO:colcon.colcon_core.shell:Creating package script '/home/htc/robot-ws/learn-ws/src/demo3/demo3_ws/install/example_topic_rclcpp/share/example_topic_rclcpp/package.zsh'
[4.838s] Level 1:colcon.colcon_core.environment:create_file_with_runtime_dependencies(/home/htc/robot-ws/learn-ws/src/demo3/demo3_ws/install/example_topic_rclcpp/share/colcon-core/packages/example_topic_rclcpp)
[4.864s] Level 1:colcon.colcon_core.environment:create_environment_scripts_only(example_topic_rclcpp)
[4.866s] Level 1:colcon.colcon_core.environment:checking '/home/htc/robot-ws/learn-ws/src/demo3/demo3_ws/install/example_topic_rclcpp' for CMake module files
[4.866s] Level 1:colcon.colcon_core.environment:checking '/home/htc/robot-ws/learn-ws/src/demo3/demo3_ws/install/example_topic_rclcpp' for CMake config files
[4.866s] Level 1:colcon.colcon_core.shell:create_environment_hook('example_topic_rclcpp', 'cmake_prefix_path')
[4.868s] INFO:colcon.colcon_core.shell:Creating environment hook '/home/htc/robot-ws/learn-ws/src/demo3/demo3_ws/install/example_topic_rclcpp/share/example_topic_rclcpp/hook/cmake_prefix_path.ps1'
[4.868s] INFO:colcon.colcon_core.shell:Creating environment descriptor '/home/htc/robot-ws/learn-ws/src/demo3/demo3_ws/install/example_topic_rclcpp/share/example_topic_rclcpp/hook/cmake_prefix_path.dsv'
[4.868s] INFO:colcon.colcon_core.shell:Creating environment hook '/home/htc/robot-ws/learn-ws/src/demo3/demo3_ws/install/example_topic_rclcpp/share/example_topic_rclcpp/hook/cmake_prefix_path.sh'
[4.869s] Level 1:colcon.colcon_core.environment:checking '/home/htc/robot-ws/learn-ws/src/demo3/demo3_ws/install/example_topic_rclcpp/lib'
[4.869s] Level 1:colcon.colcon_core.environment:checking '/home/htc/robot-ws/learn-ws/src/demo3/demo3_ws/install/example_topic_rclcpp/bin'
[4.869s] Level 1:colcon.colcon_core.environment:checking '/home/htc/robot-ws/learn-ws/src/demo3/demo3_ws/install/example_topic_rclcpp/lib/pkgconfig/example_topic_rclcpp.pc'
[4.869s] Level 1:colcon.colcon_core.environment:checking '/home/htc/robot-ws/learn-ws/src/demo3/demo3_ws/install/example_topic_rclcpp/lib/python3.8/site-packages'
[4.870s] Level 1:colcon.colcon_core.environment:checking '/home/htc/robot-ws/learn-ws/src/demo3/demo3_ws/install/example_topic_rclcpp/bin'
[4.871s] INFO:colcon.colcon_core.shell:Creating package script '/home/htc/robot-ws/learn-ws/src/demo3/demo3_ws/install/example_topic_rclcpp/share/example_topic_rclcpp/package.ps1'
[4.871s] INFO:colcon.colcon_core.shell:Creating package descriptor '/home/htc/robot-ws/learn-ws/src/demo3/demo3_ws/install/example_topic_rclcpp/share/example_topic_rclcpp/package.dsv'
[4.872s] INFO:colcon.colcon_core.shell:Creating package script '/home/htc/robot-ws/learn-ws/src/demo3/demo3_ws/install/example_topic_rclcpp/share/example_topic_rclcpp/package.sh'
[4.872s] INFO:colcon.colcon_core.shell:Creating package script '/home/htc/robot-ws/learn-ws/src/demo3/demo3_ws/install/example_topic_rclcpp/share/example_topic_rclcpp/package.bash'
[4.872s] INFO:colcon.colcon_core.shell:Creating package script '/home/htc/robot-ws/learn-ws/src/demo3/demo3_ws/install/example_topic_rclcpp/share/example_topic_rclcpp/package.zsh'
[4.873s] Level 1:colcon.colcon_core.environment:create_file_with_runtime_dependencies(/home/htc/robot-ws/learn-ws/src/demo3/demo3_ws/install/example_topic_rclcpp/share/colcon-core/packages/example_topic_rclcpp)
[4.873s] DEBUG:colcon.colcon_parallel_executor.executor.parallel:closing loop
[4.874s] DEBUG:colcon.colcon_parallel_executor.executor.parallel:loop closed
[4.874s] DEBUG:colcon.colcon_parallel_executor.executor.parallel:run_until_complete finished with '0'
[4.874s] DEBUG:colcon.colcon_core.event_reactor:joining thread
[4.878s] INFO:colcon.colcon_core.plugin_system:Skipping extension 'colcon_notification.desktop_notification.terminal_notifier': Not used on non-Darwin systems
[4.878s] INFO:colcon.colcon_core.plugin_system:Skipping extension 'colcon_notification.desktop_notification.win32': Not used on non-Windows systems
[4.878s] INFO:colcon.colcon_notification.desktop_notification:Sending desktop notification using 'notify2'
[4.890s] DEBUG:colcon.colcon_core.event_reactor:joined thread
[4.891s] INFO:colcon.colcon_core.shell:Creating prefix script '/home/htc/robot-ws/learn-ws/src/demo3/demo3_ws/install/local_setup.ps1'
[4.892s] INFO:colcon.colcon_core.shell:Creating prefix util module '/home/htc/robot-ws/learn-ws/src/demo3/demo3_ws/install/_local_setup_util_ps1.py'
[4.894s] INFO:colcon.colcon_core.shell:Creating prefix chain script '/home/htc/robot-ws/learn-ws/src/demo3/demo3_ws/install/setup.ps1'
[4.896s] INFO:colcon.colcon_core.shell:Creating prefix script '/home/htc/robot-ws/learn-ws/src/demo3/demo3_ws/install/local_setup.sh'
[4.896s] INFO:colcon.colcon_core.shell:Creating prefix util module '/home/htc/robot-ws/learn-ws/src/demo3/demo3_ws/install/_local_setup_util_sh.py'
[4.897s] INFO:colcon.colcon_core.shell:Creating prefix chain script '/home/htc/robot-ws/learn-ws/src/demo3/demo3_ws/install/setup.sh'
[4.899s] INFO:colcon.colcon_core.shell:Creating prefix script '/home/htc/robot-ws/learn-ws/src/demo3/demo3_ws/install/local_setup.bash'
[4.899s] INFO:colcon.colcon_core.shell:Creating prefix chain script '/home/htc/robot-ws/learn-ws/src/demo3/demo3_ws/install/setup.bash'
[4.901s] INFO:colcon.colcon_core.shell:Creating prefix script '/home/htc/robot-ws/learn-ws/src/demo3/demo3_ws/install/local_setup.zsh'
[4.901s] INFO:colcon.colcon_core.shell:Creating prefix chain script '/home/htc/robot-ws/learn-ws/src/demo3/demo3_ws/install/setup.zsh'
