[0.016s] Invoking command in '/home/htc/robot-ws/learn-ws/src/demo2/demo2_ws/build/example_cpp': CMAKE_PREFIX_PATH=${CMAKE_PREFIX_PATH}:/home/htc/robot-ws/learn-ws/src/demo2/colcon_test_ws/install/examples_rclpy_minimal_subscriber:/home/htc/robot-ws/learn-ws/src/demo2/colcon_test_ws/install/examples_rclpy_minimal_service:/home/htc/robot-ws/learn-ws/src/demo2/colcon_test_ws/install/examples_rclpy_minimal_publisher:/home/htc/robot-ws/learn-ws/src/demo2/colcon_test_ws/install/examples_rclpy_minimal_client:/home/htc/robot-ws/learn-ws/src/demo2/colcon_test_ws/install/examples_rclpy_minimal_action_server:/home/htc/robot-ws/learn-ws/src/demo2/colcon_test_ws/install/examples_rclpy_minimal_action_client:/home/htc/robot-ws/learn-ws/src/demo2/colcon_test_ws/install/examples_rclpy_executors:/opt/ros/foxy /usr/bin/cmake /home/htc/robot-ws/learn-ws/src/demo2/demo2_ws/src/example_cpp -DCMAKE_INSTALL_PREFIX=/home/htc/robot-ws/learn-ws/src/demo2/demo2_ws/install/example_cpp
[0.068s] -- The C compiler identification is GNU 9.4.0
[0.118s] -- The CXX compiler identification is GNU 9.4.0
[0.123s] -- Check for working C compiler: /usr/bin/cc
[0.183s] -- Check for working C compiler: /usr/bin/cc -- works
[0.184s] -- Detecting C compiler ABI info
[0.244s] -- Detecting C compiler ABI info - done
[0.254s] -- Detecting C compile features
[0.254s] -- Detecting C compile features - done
[0.257s] -- Check for working CXX compiler: /usr/bin/c++
[0.326s] -- Check for working CXX compiler: /usr/bin/c++ -- works
[0.326s] -- Detecting CXX compiler ABI info
[0.396s] -- Detecting CXX compiler ABI info - done
[0.406s] -- Detecting CXX compile features
[0.407s] -- Detecting CXX compile features - done
[0.410s] -- Found ament_cmake: 0.9.11 (/opt/ros/foxy/share/ament_cmake/cmake)
[0.437s] -- Found PythonInterp: /usr/bin/python3 (found suitable version "3.8.10", minimum required is "3") 
[0.438s] -- Using PYTHON_EXECUTABLE: /usr/bin/python3
[0.639s] -- Found rclcpp: 2.4.2 (/opt/ros/foxy/share/rclcpp/cmake)
[0.696s] -- Using all available rosidl_typesupport_c: rosidl_typesupport_fastrtps_c;rosidl_typesupport_introspection_c
[0.707s] -- Found rosidl_adapter: 1.3.0 (/opt/ros/foxy/share/rosidl_adapter/cmake)
[0.797s] -- Found OpenSSL: /usr/lib/x86_64-linux-gnu/libcrypto.so (found version "1.1.1f")  
[0.826s] -- Found FastRTPS: /opt/ros/foxy/include  
[0.909s] -- Using all available rosidl_typesupport_cpp: rosidl_typesupport_fastrtps_cpp;rosidl_typesupport_introspection_cpp
[0.972s] -- Found rmw_implementation_cmake: 1.0.4 (/opt/ros/foxy/share/rmw_implementation_cmake/cmake)
[0.974s] -- Using RMW implementation 'rmw_fastrtps_cpp' as default
[0.974s] -- Looking for pthread.h
[1.044s] -- Looking for pthread.h - found
[1.044s] -- Performing Test CMAKE_HAVE_LIBC_PTHREAD
[1.114s] -- Performing Test CMAKE_HAVE_LIBC_PTHREAD - Failed
[1.114s] -- Looking for pthread_create in pthreads
[1.168s] -- Looking for pthread_create in pthreads - not found
[1.168s] -- Looking for pthread_create in pthread
[1.229s] -- Looking for pthread_create in pthread - found
[1.230s] -- Found Threads: TRUE  
[1.388s] -- Found ament_lint_auto: 0.9.8 (/opt/ros/foxy/share/ament_lint_auto/cmake)
[1.470s] -- Added test 'copyright' to check source files copyright and LICENSE
[1.471s] -- Added test 'cppcheck' to perform static code analysis on C / C++ code
[1.471s] -- Configured cppcheck include dirs: 
[1.471s] -- Configured cppcheck exclude dirs and/or files: 
[1.472s] -- Added test 'cpplint' to check C / C++ code against the Google style
[1.472s] -- Configured cpplint exclude dirs and/or files: 
[1.473s] -- Added test 'lint_cmake' to check CMake code style
[1.474s] -- Added test 'uncrustify' to check C / C++ code style
[1.474s] -- Configured uncrustify additional arguments: 
[1.475s] -- Added test 'xmllint' to check XML markup files
[1.478s] CMake Error at CMakeLists.txt:39 (install):
[1.478s]   install TARGETS given target "DEFINITIONS" which does not exist.
[1.478s] 
[1.478s] 
[1.479s] -- Configuring incomplete, errors occurred!
[1.480s] See also "/home/htc/robot-ws/learn-ws/src/demo2/demo2_ws/build/example_cpp/CMakeFiles/CMakeOutput.log".
[1.480s] See also "/home/htc/robot-ws/learn-ws/src/demo2/demo2_ws/build/example_cpp/CMakeFiles/CMakeError.log".
[1.486s] Invoked command in '/home/htc/robot-ws/learn-ws/src/demo2/demo2_ws/build/example_cpp' returned '1': CMAKE_PREFIX_PATH=${CMAKE_PREFIX_PATH}:/home/htc/robot-ws/learn-ws/src/demo2/colcon_test_ws/install/examples_rclpy_minimal_subscriber:/home/htc/robot-ws/learn-ws/src/demo2/colcon_test_ws/install/examples_rclpy_minimal_service:/home/htc/robot-ws/learn-ws/src/demo2/colcon_test_ws/install/examples_rclpy_minimal_publisher:/home/htc/robot-ws/learn-ws/src/demo2/colcon_test_ws/install/examples_rclpy_minimal_client:/home/htc/robot-ws/learn-ws/src/demo2/colcon_test_ws/install/examples_rclpy_minimal_action_server:/home/htc/robot-ws/learn-ws/src/demo2/colcon_test_ws/install/examples_rclpy_minimal_action_client:/home/htc/robot-ws/learn-ws/src/demo2/colcon_test_ws/install/examples_rclpy_executors:/opt/ros/foxy /usr/bin/cmake /home/htc/robot-ws/learn-ws/src/demo2/demo2_ws/src/example_cpp -DCMAKE_INSTALL_PREFIX=/home/htc/robot-ws/learn-ws/src/demo2/demo2_ws/install/example_cpp
