[0.594s] Invoking command in '/home/htc/robot-ws/learn-ws/src/demo3/demo3_ws/src/example_topic_rclpy': PYTHONPATH=/home/htc/robot-ws/learn-ws/src/demo3/demo3_ws/build/example_topic_rclpy/prefix_override:/home/htc/robot-ws/learn-ws/src/demo3/demo3_ws/install/example_topic_rclpy/lib/python3.8/site-packages:${PYTHONPATH} /usr/bin/python3 setup.py egg_info --egg-base ../../build/example_topic_rclpy build --build-base /home/htc/robot-ws/learn-ws/src/demo3/demo3_ws/build/example_topic_rclpy/build install --record /home/htc/robot-ws/learn-ws/src/demo3/demo3_ws/build/example_topic_rclpy/install.log --install-scripts $base/lib/example_topic_rclpy --single-version-externally-managed
[0.771s] running egg_info
[0.772s] creating ../../build/example_topic_rclpy/example_topic_rclpy.egg-info
[0.772s] writing ../../build/example_topic_rclpy/example_topic_rclpy.egg-info/PKG-INFO
[0.772s] writing dependency_links to ../../build/example_topic_rclpy/example_topic_rclpy.egg-info/dependency_links.txt
[0.772s] writing entry points to ../../build/example_topic_rclpy/example_topic_rclpy.egg-info/entry_points.txt
[0.772s] writing requirements to ../../build/example_topic_rclpy/example_topic_rclpy.egg-info/requires.txt
[0.772s] writing top-level names to ../../build/example_topic_rclpy/example_topic_rclpy.egg-info/top_level.txt
[0.774s] writing manifest file '../../build/example_topic_rclpy/example_topic_rclpy.egg-info/SOURCES.txt'
[0.801s] reading manifest file '../../build/example_topic_rclpy/example_topic_rclpy.egg-info/SOURCES.txt'
[0.802s] writing manifest file '../../build/example_topic_rclpy/example_topic_rclpy.egg-info/SOURCES.txt'
[0.802s] running build
[0.802s] running build_py
[0.802s] creating /home/htc/robot-ws/learn-ws/src/demo3/demo3_ws/build/example_topic_rclpy/build
[0.802s] creating /home/htc/robot-ws/learn-ws/src/demo3/demo3_ws/build/example_topic_rclpy/build/lib
[0.802s] creating /home/htc/robot-ws/learn-ws/src/demo3/demo3_ws/build/example_topic_rclpy/build/lib/example_topic_rclpy
[0.802s] copying example_topic_rclpy/__init__.py -> /home/htc/robot-ws/learn-ws/src/demo3/demo3_ws/build/example_topic_rclpy/build/lib/example_topic_rclpy
[0.802s] copying example_topic_rclpy/topic_publisher_02.py -> /home/htc/robot-ws/learn-ws/src/demo3/demo3_ws/build/example_topic_rclpy/build/lib/example_topic_rclpy
[0.803s] copying example_topic_rclpy/topic_subscribe_02.py -> /home/htc/robot-ws/learn-ws/src/demo3/demo3_ws/build/example_topic_rclpy/build/lib/example_topic_rclpy
[0.803s] running install
[0.803s] running install_lib
[0.804s] creating /home/htc/robot-ws/learn-ws/src/demo3/demo3_ws/install/example_topic_rclpy/lib/python3.8/site-packages/example_topic_rclpy
[0.804s] copying /home/htc/robot-ws/learn-ws/src/demo3/demo3_ws/build/example_topic_rclpy/build/lib/example_topic_rclpy/__init__.py -> /home/htc/robot-ws/learn-ws/src/demo3/demo3_ws/install/example_topic_rclpy/lib/python3.8/site-packages/example_topic_rclpy
[0.804s] copying /home/htc/robot-ws/learn-ws/src/demo3/demo3_ws/build/example_topic_rclpy/build/lib/example_topic_rclpy/topic_publisher_02.py -> /home/htc/robot-ws/learn-ws/src/demo3/demo3_ws/install/example_topic_rclpy/lib/python3.8/site-packages/example_topic_rclpy
[0.804s] copying /home/htc/robot-ws/learn-ws/src/demo3/demo3_ws/build/example_topic_rclpy/build/lib/example_topic_rclpy/topic_subscribe_02.py -> /home/htc/robot-ws/learn-ws/src/demo3/demo3_ws/install/example_topic_rclpy/lib/python3.8/site-packages/example_topic_rclpy
[0.805s] byte-compiling /home/htc/robot-ws/learn-ws/src/demo3/demo3_ws/install/example_topic_rclpy/lib/python3.8/site-packages/example_topic_rclpy/__init__.py to __init__.cpython-38.pyc
[0.805s] byte-compiling /home/htc/robot-ws/learn-ws/src/demo3/demo3_ws/install/example_topic_rclpy/lib/python3.8/site-packages/example_topic_rclpy/topic_publisher_02.py to topic_publisher_02.cpython-38.pyc
[0.806s] byte-compiling /home/htc/robot-ws/learn-ws/src/demo3/demo3_ws/install/example_topic_rclpy/lib/python3.8/site-packages/example_topic_rclpy/topic_subscribe_02.py to topic_subscribe_02.cpython-38.pyc
[0.806s] running install_data
[0.806s] creating /home/htc/robot-ws/learn-ws/src/demo3/demo3_ws/install/example_topic_rclpy/share/ament_index
[0.807s] creating /home/htc/robot-ws/learn-ws/src/demo3/demo3_ws/install/example_topic_rclpy/share/ament_index/resource_index
[0.807s] creating /home/htc/robot-ws/learn-ws/src/demo3/demo3_ws/install/example_topic_rclpy/share/ament_index/resource_index/packages
[0.807s] copying resource/example_topic_rclpy -> /home/htc/robot-ws/learn-ws/src/demo3/demo3_ws/install/example_topic_rclpy/share/ament_index/resource_index/packages
[0.807s] copying package.xml -> /home/htc/robot-ws/learn-ws/src/demo3/demo3_ws/install/example_topic_rclpy/share/example_topic_rclpy
[0.807s] running install_egg_info
[0.808s] Copying ../../build/example_topic_rclpy/example_topic_rclpy.egg-info to /home/htc/robot-ws/learn-ws/src/demo3/demo3_ws/install/example_topic_rclpy/lib/python3.8/site-packages/example_topic_rclpy-0.0.0-py3.8.egg-info
[0.809s] running install_scripts
[0.823s] Installing topic_publisher_02 script to /home/htc/robot-ws/learn-ws/src/demo3/demo3_ws/install/example_topic_rclpy/lib/example_topic_rclpy
[0.823s] Installing topic_subscribe_02 script to /home/htc/robot-ws/learn-ws/src/demo3/demo3_ws/install/example_topic_rclpy/lib/example_topic_rclpy
[0.824s] writing list of installed files to '/home/htc/robot-ws/learn-ws/src/demo3/demo3_ws/build/example_topic_rclpy/install.log'
[0.843s] Invoked command in '/home/htc/robot-ws/learn-ws/src/demo3/demo3_ws/src/example_topic_rclpy' returned '0': PYTHONPATH=/home/htc/robot-ws/learn-ws/src/demo3/demo3_ws/build/example_topic_rclpy/prefix_override:/home/htc/robot-ws/learn-ws/src/demo3/demo3_ws/install/example_topic_rclpy/lib/python3.8/site-packages:${PYTHONPATH} /usr/bin/python3 setup.py egg_info --egg-base ../../build/example_topic_rclpy build --build-base /home/htc/robot-ws/learn-ws/src/demo3/demo3_ws/build/example_topic_rclpy/build install --record /home/htc/robot-ws/learn-ws/src/demo3/demo3_ws/build/example_topic_rclpy/install.log --install-scripts $base/lib/example_topic_rclpy --single-version-externally-managed
